Using pre-set license
Built from '2020.3/release' branch; Version is '2020.3.15f2 (6cf78cb77498) revision 7141260'; Using compiler version '192528614'; Build Type 'Release'
OS: 'Windows 10 Home; OS build 19042.1237; Version 2009; 64bit' Language: 'en' Physical Memory: 15742 MB
BatchMode: 1, IsHumanControllingUs: 0, StartBugReporterOnCrash: 0, Is64bit: 1, IsPro: 0

 COMMAND LINE ARGUMENTS:
C:\Program Files\Unity\Hub\Editor\2020.3.15f2\Editor\Unity.exe
-adb2
-batchMode
-noUpm
-name
AssetImportWorker0
-projectPath
C:/Users/HLR85/Holberton/holbertonschool-unity/0x00-unity-animation
-logFile
Logs/AssetImportWorker0.log
-srvPort
52605
Successfully changed project path to: C:/Users/HLR85/Holberton/holbertonschool-unity/0x00-unity-animation
C:/Users/HLR85/Holberton/holbertonschool-unity/0x00-unity-animation
Using Asset Import Pipeline V2.
Refreshing native plugins compatible for Editor in 42.01 ms, found 2 plugins.
Preloading 0 native plugins for Editor in 0.00 ms.
Initialize engine version: 2020.3.15f2 (6cf78cb77498)
[Subsystems] Discovering subsystems at path C:/Program Files/Unity/Hub/Editor/2020.3.15f2/Editor/Data/Resources/UnitySubsystems
[Subsystems] Discovering subsystems at path C:/Users/HLR85/Holberton/holbertonschool-unity/0x00-unity-animation/Assets
GfxDevice: creating device client; threaded=0
Direct3D:
    Version:  Direct3D 11.0 [level 11.1]
    Renderer: AMD Radeon(TM) Graphics (ID=0x1636)
    Vendor:   
    VRAM:     7871 MB
    Driver:   27.20.11044.4003
Initialize mono
Mono path[0] = 'C:/Program Files/Unity/Hub/Editor/2020.3.15f2/Editor/Data/Managed'
Mono path[1] = 'C:/Program Files/Unity/Hub/Editor/2020.3.15f2/Editor/Data/MonoBleedingEdge/lib/mono/unityjit'
Mono config path = 'C:/Program Files/Unity/Hub/Editor/2020.3.15f2/Editor/Data/MonoBleedingEdge/etc'
Using monoOptions --debugger-agent=transport=dt_socket,embedding=1,server=y,suspend=n,address=127.0.0.1:56816
Begin MonoManager ReloadAssembly
Registering precompiled unity dll's ...
Register platform support module: C:/Program Files/Unity/Hub/Editor/2020.3.15f2/Editor/Data/PlaybackEngines/WebGLSupport/UnityEditor.WebGL.Extensions.dll
Register platform support module: C:/Program Files/Unity/Hub/Editor/2020.3.15f2/Editor/Data/PlaybackEngines/MacStandaloneSupport/UnityEditor.OSXStandalone.Extensions.dll
Register platform support module: C:/Program Files/Unity/Hub/Editor/2020.3.15f2/Editor/Data/PlaybackEngines/WindowsStandaloneSupport/UnityEditor.WindowsStandalone.Extensions.dll
Register platform support module: C:/Program Files/Unity/Hub/Editor/2020.3.15f2/Editor/Data/PlaybackEngines/LinuxStandaloneSupport/UnityEditor.LinuxStandalone.Extensions.dll
Registered in 0.009257 seconds.
Native extension for LinuxStandalone target not found
Native extension for WindowsStandalone target not found
Native extension for OSXStandalone target not found
Native extension for WebGL target not found
Refreshing native plugins compatible for Editor in 41.67 ms, found 2 plugins.
Preloading 0 native plugins for Editor in 0.00 ms.
Mono: successfully reloaded assembly
- Completed reload, in  3.229 seconds
Domain Reload Profiling:
	ReloadAssembly (3230ms)
		BeginReloadAssembly (52ms)
			ExecutionOrderSort (0ms)
			DisableScriptedObjects (0ms)
			BackupInstance (0ms)
			ReleaseScriptingObjects (0ms)
			CreateAndSetChildDomain (1ms)
		EndReloadAssembly (480ms)
			LoadAssemblies (52ms)
			RebuildTransferFunctionScriptingTraits (0ms)
			SetupTypeCache (165ms)
			ReleaseScriptCaches (0ms)
			RebuildScriptCaches (36ms)
			SetupLoadedEditorAssemblies (198ms)
				LogAssemblyErrors (0ms)
				InitializePlatformSupportModulesInManaged (8ms)
				SetLoadedEditorAssemblies (0ms)
				RefreshPlugins (42ms)
				BeforeProcessingInitializeOnLoad (12ms)
				ProcessInitializeOnLoadAttributes (100ms)
				ProcessInitializeOnLoadMethodAttributes (36ms)
				AfterProcessingInitializeOnLoad (0ms)
				EditorAssembliesLoaded (0ms)
			ExecutionOrderSort2 (0ms)
			AwakeInstancesAfterBackupRestoration (0ms)
Platform modules already initialized, skipping
Registering precompiled user dll's ...
Registered in 0.010078 seconds.
Begin MonoManager ReloadAssembly
Native extension for LinuxStandalone target not found
Native extension for WindowsStandalone target not found
Native extension for OSXStandalone target not found
Native extension for WebGL target not found
Refreshing native plugins compatible for Editor in 0.50 ms, found 2 plugins.
Preloading 0 native plugins for Editor in 0.00 ms.
Mono: successfully reloaded assembly
- Completed reload, in  1.299 seconds
Domain Reload Profiling:
	ReloadAssembly (1301ms)
		BeginReloadAssembly (151ms)
			ExecutionOrderSort (0ms)
			DisableScriptedObjects (4ms)
			BackupInstance (0ms)
			ReleaseScriptingObjects (0ms)
			CreateAndSetChildDomain (22ms)
		EndReloadAssembly (1081ms)
			LoadAssemblies (104ms)
			RebuildTransferFunctionScriptingTraits (0ms)
			SetupTypeCache (358ms)
			ReleaseScriptCaches (1ms)
			RebuildScriptCaches (51ms)
			SetupLoadedEditorAssemblies (455ms)
				LogAssemblyErrors (0ms)
				InitializePlatformSupportModulesInManaged (11ms)
				SetLoadedEditorAssemblies (0ms)
				RefreshPlugins (1ms)
				BeforeProcessingInitializeOnLoad (114ms)
				ProcessInitializeOnLoadAttributes (318ms)
				ProcessInitializeOnLoadMethodAttributes (4ms)
				AfterProcessingInitializeOnLoad (6ms)
				EditorAssembliesLoaded (0ms)
			ExecutionOrderSort2 (0ms)
			AwakeInstancesAfterBackupRestoration (7ms)
Platform modules already initialized, skipping
========================================================================
Worker process is ready to serve import requests
Launched and connected shader compiler UnityShaderCompiler.exe after 0.08 seconds
Refreshing native plugins compatible for Editor in 0.67 ms, found 2 plugins.
Preloading 0 native plugins for Editor in 0.00 ms.
Unloading 1599 Unused Serialized files (Serialized files now loaded: 0)
System memory in use before: 73.1 MB.
System memory in use after: 73.2 MB.

Unloading 19 unused Assets to reduce memory usage. Loaded Objects now: 2035.
Total: 2.861500 ms (FindLiveObjects: 0.204800 ms CreateObjectMapping: 0.039300 ms MarkObjects: 2.512600 ms  DeleteObjects: 0.102200 ms)

AssetImportParameters requested are different than current active one (requested -> active):
  custom:framework-win-MediaFoundation: 216162199b28c13a410421893ffa2e32 -> 
  custom:video-decoder-ogg-theora: a1e56fd34408186e4bbccfd4996cb3dc -> 
  custom:container-muxer-webm: aa71ff27fc2769a1b78a27578f13a17b -> 
  custom:container-demuxer-webm: 4f35f7cbe854078d1ac9338744f61a02 -> 
  custom:container-demuxer-ogg: 62fdf1f143b41e24485cea50d1cbac27 -> 
  custom:video-encoder-webm-vp8: eb34c28f22e8b96e1ab97ce403110664 -> 
  custom:video-codec-MediaFoundation-h265: 746d11721c4dcdbdad8f713fa42b33f4 -> 
  custom:video-decoder-webm-vp8: 9c59270c3fd7afecdb556c50c9e8de78 -> 
  custom:audio-decoder-ogg-vorbis: bf7c407c2cedff20999df2af8eb42d56 -> 
  custom:audio-encoder-webm-vorbis: bf7c407c2cedff20999df2af8eb42d56 -> 
========================================================================
Received Import Request.
  path: Assets/Animators/CutsceneCamera.controller
  artifactKey: Guid(1a3a2c613acb451458c2d5b7e8a590b0) Importer(815301076,1909f56bfc062723c751e8b465ee728b)
Start importing Assets/Animators/CutsceneCamera.controller using Guid(1a3a2c613acb451458c2d5b7e8a590b0) Importer(815301076,1909f56bfc062723c751e8b465ee728b)  -> (artifact id: 'd4fed1b0124c8c9477384e376f9ac50c') in 0.056813 seconds 
  Import took 0.062223 seconds .

========================================================================
Received Import Request.
  Time since last request: 404.002561 seconds.
  path: Assets/Animators/CutsceneCamera.prefab
  artifactKey: Guid(2e931daceb3c55e4faa99dd55beb44c1) Importer(815301076,1909f56bfc062723c751e8b465ee728b)
Start importing Assets/Animators/CutsceneCamera.prefab using Guid(2e931daceb3c55e4faa99dd55beb44c1) Importer(815301076,1909f56bfc062723c751e8b465ee728b)  -> (artifact id: '04e8b0cc9c912fd8cecf0a641dfa757e') in 0.045843 seconds 
  Import took 0.055774 seconds .

========================================================================
Received Import Request.
  Time since last request: 0.028098 seconds.
  path: Assets/Animators/CutsceneCamera.prefab
  artifactKey: Guid(2e931daceb3c55e4faa99dd55beb44c1) Importer(815301076,1909f56bfc062723c751e8b465ee728b)
Start importing Assets/Animators/CutsceneCamera.prefab using Guid(2e931daceb3c55e4faa99dd55beb44c1) Importer(815301076,1909f56bfc062723c751e8b465ee728b)  -> (artifact id: '04e8b0cc9c912fd8cecf0a641dfa757e') in 0.012408 seconds 
  Import took 0.019972 seconds .

========================================================================
Received Prepare
Registering precompiled user dll's ...
Registered in 0.008347 seconds.
Begin MonoManager ReloadAssembly
Native extension for LinuxStandalone target not found
Native extension for WindowsStandalone target not found
Native extension for OSXStandalone target not found
Native extension for WebGL target not found
Refreshing native plugins compatible for Editor in 0.61 ms, found 2 plugins.
Preloading 0 native plugins for Editor in 0.00 ms.
Mono: successfully reloaded assembly
- Completed reload, in  1.994 seconds
Domain Reload Profiling:
	ReloadAssembly (1994ms)
		BeginReloadAssembly (240ms)
			ExecutionOrderSort (0ms)
			DisableScriptedObjects (12ms)
			BackupInstance (0ms)
			ReleaseScriptingObjects (0ms)
			CreateAndSetChildDomain (95ms)
		EndReloadAssembly (1623ms)
			LoadAssemblies (181ms)
			RebuildTransferFunctionScriptingTraits (0ms)
			SetupTypeCache (525ms)
			ReleaseScriptCaches (1ms)
			RebuildScriptCaches (66ms)
			SetupLoadedEditorAssemblies (688ms)
				LogAssemblyErrors (0ms)
				InitializePlatformSupportModulesInManaged (13ms)
				SetLoadedEditorAssemblies (1ms)
				RefreshPlugins (1ms)
				BeforeProcessingInitializeOnLoad (177ms)
				ProcessInitializeOnLoadAttributes (480ms)
				ProcessInitializeOnLoadMethodAttributes (5ms)
				AfterProcessingInitializeOnLoad (11ms)
				EditorAssembliesLoaded (1ms)
			ExecutionOrderSort2 (0ms)
			AwakeInstancesAfterBackupRestoration (13ms)
Platform modules already initialized, skipping
Refreshing native plugins compatible for Editor in 1.49 ms, found 2 plugins.
Preloading 0 native plugins for Editor in 0.00 ms.
Unloading 1591 Unused Serialized files (Serialized files now loaded: 0)
System memory in use before: 72.9 MB.
System memory in use after: 73.0 MB.

Unloading 14 unused Assets to reduce memory usage. Loaded Objects now: 2038.
Total: 3.738600 ms (FindLiveObjects: 0.485700 ms CreateObjectMapping: 0.067100 ms MarkObjects: 3.113400 ms  DeleteObjects: 0.070600 ms)

AssetImportParameters requested are different than current active one (requested -> active):
  custom:framework-win-MediaFoundation: 216162199b28c13a410421893ffa2e32 -> 
  custom:video-decoder-ogg-theora: a1e56fd34408186e4bbccfd4996cb3dc -> 
  custom:container-muxer-webm: aa71ff27fc2769a1b78a27578f13a17b -> 
  custom:container-demuxer-webm: 4f35f7cbe854078d1ac9338744f61a02 -> 
  custom:container-demuxer-ogg: 62fdf1f143b41e24485cea50d1cbac27 -> 
  custom:video-encoder-webm-vp8: eb34c28f22e8b96e1ab97ce403110664 -> 
  custom:video-codec-MediaFoundation-h265: 746d11721c4dcdbdad8f713fa42b33f4 -> 
  custom:video-decoder-webm-vp8: 9c59270c3fd7afecdb556c50c9e8de78 -> 
  custom:audio-decoder-ogg-vorbis: bf7c407c2cedff20999df2af8eb42d56 -> 
  custom:audio-encoder-webm-vorbis: bf7c407c2cedff20999df2af8eb42d56 -> 
========================================================================
Received Import Request.
  Time since last request: 4239.239579 seconds.
  path: Assets/Animations/Intro01.anim
  artifactKey: Guid(d2da1686301d467449e503456071ac79) Importer(815301076,1909f56bfc062723c751e8b465ee728b)
Start importing Assets/Animations/Intro01.anim using Guid(d2da1686301d467449e503456071ac79) Importer(815301076,1909f56bfc062723c751e8b465ee728b)  -> (artifact id: '28a298117116548bbdaec5121bb30edb') in 0.053155 seconds 
  Import took 0.064946 seconds .

========================================================================
Received Import Request.
  Time since last request: 0.007923 seconds.
  path: Assets/Animations/Intro01.anim
  artifactKey: Guid(d2da1686301d467449e503456071ac79) Importer(815301076,1909f56bfc062723c751e8b465ee728b)
Start importing Assets/Animations/Intro01.anim using Guid(d2da1686301d467449e503456071ac79) Importer(815301076,1909f56bfc062723c751e8b465ee728b)  -> (artifact id: '28a298117116548bbdaec5121bb30edb') in 0.006803 seconds 
  Import took 0.011658 seconds .

========================================================================
Received Import Request.
  Time since last request: 1024.677441 seconds.
  path: Assets/Animations/Intro01.anim
  artifactKey: Guid(d2da1686301d467449e503456071ac79) Importer(815301076,1909f56bfc062723c751e8b465ee728b)
Start importing Assets/Animations/Intro01.anim using Guid(d2da1686301d467449e503456071ac79) Importer(815301076,1909f56bfc062723c751e8b465ee728b)  -> (artifact id: '177697b586d956f6a1d5fa093b842d47') in 0.004075 seconds 
  Import took 0.007795 seconds .

========================================================================
Received Import Request.
  Time since last request: 0.011559 seconds.
  path: Assets/Animations/Intro01.anim
  artifactKey: Guid(d2da1686301d467449e503456071ac79) Importer(815301076,1909f56bfc062723c751e8b465ee728b)
Start importing Assets/Animations/Intro01.anim using Guid(d2da1686301d467449e503456071ac79) Importer(815301076,1909f56bfc062723c751e8b465ee728b)  -> (artifact id: '177697b586d956f6a1d5fa093b842d47') in 0.005608 seconds 
  Import took 0.009331 seconds .

========================================================================
Received Import Request.
  Time since last request: 183.386290 seconds.
  path: Assets/Animations/Intro01.anim
  artifactKey: Guid(d2da1686301d467449e503456071ac79) Importer(815301076,1909f56bfc062723c751e8b465ee728b)
Start importing Assets/Animations/Intro01.anim using Guid(d2da1686301d467449e503456071ac79) Importer(815301076,1909f56bfc062723c751e8b465ee728b)  -> (artifact id: 'b485d68a1caefd2893b132210fb6bb89') in 0.004921 seconds 
  Import took 0.010383 seconds .

========================================================================
Received Import Request.
  Time since last request: 0.004835 seconds.
  path: Assets/Animations/Intro01.anim
  artifactKey: Guid(d2da1686301d467449e503456071ac79) Importer(815301076,1909f56bfc062723c751e8b465ee728b)
Start importing Assets/Animations/Intro01.anim using Guid(d2da1686301d467449e503456071ac79) Importer(815301076,1909f56bfc062723c751e8b465ee728b)  -> (artifact id: 'b485d68a1caefd2893b132210fb6bb89') in 0.004326 seconds 
  Import took 0.007173 seconds .

========================================================================
Received Import Request.
  Time since last request: 66120.930580 seconds.
  path: Assets/Scripts/CutsceneController.cs
  artifactKey: Guid(fe462b4d1937b394785ee1f9c5a5df76) Importer(815301076,1909f56bfc062723c751e8b465ee728b)
Start importing Assets/Scripts/CutsceneController.cs using Guid(fe462b4d1937b394785ee1f9c5a5df76) Importer(815301076,1909f56bfc062723c751e8b465ee728b)  -> (artifact id: '4790e559f7397cc1d99a28c05b1c21d8') in 0.049017 seconds 
  Import took 0.093432 seconds .

========================================================================
Received Prepare
Registering precompiled user dll's ...
Registered in 0.200376 seconds.
Begin MonoManager ReloadAssembly
Native extension for LinuxStandalone target not found
Native extension for WindowsStandalone target not found
Native extension for OSXStandalone target not found
Native extension for WebGL target not found
Refreshing native plugins compatible for Editor in 0.83 ms, found 2 plugins.
Preloading 0 native plugins for Editor in 0.00 ms.
Mono: successfully reloaded assembly
- Completed reload, in  2.295 seconds
Domain Reload Profiling:
	ReloadAssembly (2300ms)
		BeginReloadAssembly (434ms)
			ExecutionOrderSort (0ms)
			DisableScriptedObjects (35ms)
			BackupInstance (0ms)
			ReleaseScriptingObjects (0ms)
			CreateAndSetChildDomain (250ms)
		EndReloadAssembly (1759ms)
			LoadAssemblies (155ms)
			RebuildTransferFunctionScriptingTraits (0ms)
			SetupTypeCache (481ms)
			ReleaseScriptCaches (1ms)
			RebuildScriptCaches (69ms)
			SetupLoadedEditorAssemblies (896ms)
				LogAssemblyErrors (0ms)
				InitializePlatformSupportModulesInManaged (26ms)
				SetLoadedEditorAssemblies (1ms)
				RefreshPlugins (1ms)
				BeforeProcessingInitializeOnLoad (237ms)
				ProcessInitializeOnLoadAttributes (616ms)
				ProcessInitializeOnLoadMethodAttributes (7ms)
				AfterProcessingInitializeOnLoad (8ms)
				EditorAssembliesLoaded (0ms)
			ExecutionOrderSort2 (0ms)
			AwakeInstancesAfterBackupRestoration (12ms)
Platform modules already initialized, skipping
Refreshing native plugins compatible for Editor in 0.66 ms, found 2 plugins.
Preloading 0 native plugins for Editor in 0.00 ms.
Unloading 1592 Unused Serialized files (Serialized files now loaded: 0)
System memory in use before: 72.9 MB.
System memory in use after: 73.0 MB.

Unloading 14 unused Assets to reduce memory usage. Loaded Objects now: 2042.
Total: 7.426600 ms (FindLiveObjects: 0.700300 ms CreateObjectMapping: 0.112300 ms MarkObjects: 6.460900 ms  DeleteObjects: 0.149500 ms)

AssetImportParameters requested are different than current active one (requested -> active):
  custom:framework-win-MediaFoundation: 216162199b28c13a410421893ffa2e32 -> 
  custom:video-decoder-ogg-theora: a1e56fd34408186e4bbccfd4996cb3dc -> 
  custom:container-muxer-webm: aa71ff27fc2769a1b78a27578f13a17b -> 
  custom:container-demuxer-webm: 4f35f7cbe854078d1ac9338744f61a02 -> 
  custom:container-demuxer-ogg: 62fdf1f143b41e24485cea50d1cbac27 -> 
  custom:video-encoder-webm-vp8: eb34c28f22e8b96e1ab97ce403110664 -> 
  custom:video-codec-MediaFoundation-h265: 746d11721c4dcdbdad8f713fa42b33f4 -> 
  custom:video-decoder-webm-vp8: 9c59270c3fd7afecdb556c50c9e8de78 -> 
  custom:audio-decoder-ogg-vorbis: bf7c407c2cedff20999df2af8eb42d56 -> 
  custom:audio-encoder-webm-vorbis: bf7c407c2cedff20999df2af8eb42d56 -> 
========================================================================
Received Prepare
Registering precompiled user dll's ...
Registered in 0.004667 seconds.
Begin MonoManager ReloadAssembly
Native extension for LinuxStandalone target not found
Native extension for WindowsStandalone target not found
Native extension for OSXStandalone target not found
Native extension for WebGL target not found
Refreshing native plugins compatible for Editor in 0.61 ms, found 2 plugins.
Preloading 0 native plugins for Editor in 0.00 ms.
Mono: successfully reloaded assembly
- Completed reload, in  1.276 seconds
Domain Reload Profiling:
	ReloadAssembly (1279ms)
		BeginReloadAssembly (211ms)
			ExecutionOrderSort (0ms)
			DisableScriptedObjects (15ms)
			BackupInstance (0ms)
			ReleaseScriptingObjects (0ms)
			CreateAndSetChildDomain (104ms)
		EndReloadAssembly (972ms)
			LoadAssemblies (103ms)
			RebuildTransferFunctionScriptingTraits (0ms)
			SetupTypeCache (301ms)
			ReleaseScriptCaches (2ms)
			RebuildScriptCaches (46ms)
			SetupLoadedEditorAssemblies (414ms)
				LogAssemblyErrors (0ms)
				InitializePlatformSupportModulesInManaged (9ms)
				SetLoadedEditorAssemblies (0ms)
				RefreshPlugins (1ms)
				BeforeProcessingInitializeOnLoad (107ms)
				ProcessInitializeOnLoadAttributes (287ms)
				ProcessInitializeOnLoadMethodAttributes (4ms)
				AfterProcessingInitializeOnLoad (6ms)
				EditorAssembliesLoaded (0ms)
			ExecutionOrderSort2 (0ms)
			AwakeInstancesAfterBackupRestoration (6ms)
Platform modules already initialized, skipping
Refreshing native plugins compatible for Editor in 0.68 ms, found 2 plugins.
Preloading 0 native plugins for Editor in 0.00 ms.
Unloading 1592 Unused Serialized files (Serialized files now loaded: 0)
System memory in use before: 72.9 MB.
System memory in use after: 73.1 MB.

Unloading 14 unused Assets to reduce memory usage. Loaded Objects now: 2045.
Total: 2.604800 ms (FindLiveObjects: 0.232400 ms CreateObjectMapping: 0.039500 ms MarkObjects: 2.300700 ms  DeleteObjects: 0.030700 ms)

AssetImportParameters requested are different than current active one (requested -> active):
  custom:framework-win-MediaFoundation: 216162199b28c13a410421893ffa2e32 -> 
  custom:video-decoder-ogg-theora: a1e56fd34408186e4bbccfd4996cb3dc -> 
  custom:container-muxer-webm: aa71ff27fc2769a1b78a27578f13a17b -> 
  custom:container-demuxer-webm: 4f35f7cbe854078d1ac9338744f61a02 -> 
  custom:container-demuxer-ogg: 62fdf1f143b41e24485cea50d1cbac27 -> 
  custom:video-encoder-webm-vp8: eb34c28f22e8b96e1ab97ce403110664 -> 
  custom:video-codec-MediaFoundation-h265: 746d11721c4dcdbdad8f713fa42b33f4 -> 
  custom:video-decoder-webm-vp8: 9c59270c3fd7afecdb556c50c9e8de78 -> 
  custom:audio-decoder-ogg-vorbis: bf7c407c2cedff20999df2af8eb42d56 -> 
  custom:audio-encoder-webm-vorbis: bf7c407c2cedff20999df2af8eb42d56 -> 
========================================================================
Received Import Request.
  Time since last request: 11094.760238 seconds.
  path: Assets/Scripts/CutsceneController.cs
  artifactKey: Guid(fe462b4d1937b394785ee1f9c5a5df76) Importer(815301076,1909f56bfc062723c751e8b465ee728b)
Start importing Assets/Scripts/CutsceneController.cs using Guid(fe462b4d1937b394785ee1f9c5a5df76) Importer(815301076,1909f56bfc062723c751e8b465ee728b)  -> (artifact id: '3da6f4c84a4d47557916b5f5c9312389') in 0.012400 seconds 
  Import took 0.016163 seconds .

========================================================================
Received Prepare
Registering precompiled user dll's ...
Registered in 0.009047 seconds.
Begin MonoManager ReloadAssembly
Native extension for LinuxStandalone target not found
Native extension for WindowsStandalone target not found
Native extension for OSXStandalone target not found
Native extension for WebGL target not found
Refreshing native plugins compatible for Editor in 0.55 ms, found 2 plugins.
Preloading 0 native plugins for Editor in 0.00 ms.
Mono: successfully reloaded assembly
- Completed reload, in  1.703 seconds
Domain Reload Profiling:
	ReloadAssembly (1707ms)
		BeginReloadAssembly (294ms)
			ExecutionOrderSort (0ms)
			DisableScriptedObjects (16ms)
			BackupInstance (0ms)
			ReleaseScriptingObjects (0ms)
			CreateAndSetChildDomain (104ms)
		EndReloadAssembly (1317ms)
			LoadAssemblies (178ms)
			RebuildTransferFunctionScriptingTraits (0ms)
			SetupTypeCache (439ms)
			ReleaseScriptCaches (1ms)
			RebuildScriptCaches (61ms)
			SetupLoadedEditorAssemblies (519ms)
				LogAssemblyErrors (0ms)
				InitializePlatformSupportModulesInManaged (8ms)
				SetLoadedEditorAssemblies (0ms)
				RefreshPlugins (1ms)
				BeforeProcessingInitializeOnLoad (116ms)
				ProcessInitializeOnLoadAttributes (380ms)
				ProcessInitializeOnLoadMethodAttributes (5ms)
				AfterProcessingInitializeOnLoad (8ms)
				EditorAssembliesLoaded (1ms)
			ExecutionOrderSort2 (0ms)
			AwakeInstancesAfterBackupRestoration (12ms)
Platform modules already initialized, skipping
Refreshing native plugins compatible for Editor in 0.83 ms, found 2 plugins.
Preloading 0 native plugins for Editor in 0.00 ms.
Unloading 1592 Unused Serialized files (Serialized files now loaded: 0)
System memory in use before: 73.0 MB.
System memory in use after: 73.1 MB.

Unloading 14 unused Assets to reduce memory usage. Loaded Objects now: 2048.
Total: 10.447900 ms (FindLiveObjects: 0.455600 ms CreateObjectMapping: 0.055000 ms MarkObjects: 9.886900 ms  DeleteObjects: 0.045700 ms)

AssetImportParameters requested are different than current active one (requested -> active):
  custom:framework-win-MediaFoundation: 216162199b28c13a410421893ffa2e32 -> 
  custom:video-decoder-ogg-theora: a1e56fd34408186e4bbccfd4996cb3dc -> 
  custom:container-muxer-webm: aa71ff27fc2769a1b78a27578f13a17b -> 
  custom:container-demuxer-webm: 4f35f7cbe854078d1ac9338744f61a02 -> 
  custom:container-demuxer-ogg: 62fdf1f143b41e24485cea50d1cbac27 -> 
  custom:video-encoder-webm-vp8: eb34c28f22e8b96e1ab97ce403110664 -> 
  custom:video-codec-MediaFoundation-h265: 746d11721c4dcdbdad8f713fa42b33f4 -> 
  custom:video-decoder-webm-vp8: 9c59270c3fd7afecdb556c50c9e8de78 -> 
  custom:audio-decoder-ogg-vorbis: bf7c407c2cedff20999df2af8eb42d56 -> 
  custom:audio-encoder-webm-vorbis: bf7c407c2cedff20999df2af8eb42d56 -> 
========================================================================
Received Import Request.
  Time since last request: 9877.642232 seconds.
  path: Assets/Scripts/CutsceneController.cs
  artifactKey: Guid(fe462b4d1937b394785ee1f9c5a5df76) Importer(815301076,1909f56bfc062723c751e8b465ee728b)
Start importing Assets/Scripts/CutsceneController.cs using Guid(fe462b4d1937b394785ee1f9c5a5df76) Importer(815301076,1909f56bfc062723c751e8b465ee728b)  -> (artifact id: '34ce57d649534068e31949dfd944f7c9') in 0.018184 seconds 
  Import took 0.023602 seconds .

========================================================================
Received Import Request.
  Time since last request: 0.004470 seconds.
  path: Assets/Scripts/CutsceneController.cs
  artifactKey: Guid(fe462b4d1937b394785ee1f9c5a5df76) Importer(815301076,1909f56bfc062723c751e8b465ee728b)
Start importing Assets/Scripts/CutsceneController.cs using Guid(fe462b4d1937b394785ee1f9c5a5df76) Importer(815301076,1909f56bfc062723c751e8b465ee728b)  -> (artifact id: '34ce57d649534068e31949dfd944f7c9') in 0.012744 seconds 
  Import took 0.018034 seconds .

========================================================================
Received Prepare
Registering precompiled user dll's ...
Registered in 0.009504 seconds.
Begin MonoManager ReloadAssembly
Native extension for LinuxStandalone target not found
Native extension for WindowsStandalone target not found
Native extension for OSXStandalone target not found
Native extension for WebGL target not found
Refreshing native plugins compatible for Editor in 0.57 ms, found 2 plugins.
Preloading 0 native plugins for Editor in 0.00 ms.
Mono: successfully reloaded assembly
- Completed reload, in  1.419 seconds
Domain Reload Profiling:
	ReloadAssembly (1420ms)
		BeginReloadAssembly (161ms)
			ExecutionOrderSort (0ms)
			DisableScriptedObjects (9ms)
			BackupInstance (0ms)
			ReleaseScriptingObjects (0ms)
			CreateAndSetChildDomain (64ms)
		EndReloadAssembly (1181ms)
			LoadAssemblies (109ms)
			RebuildTransferFunctionScriptingTraits (0ms)
			SetupTypeCache (396ms)
			ReleaseScriptCaches (1ms)
			RebuildScriptCaches (53ms)
			SetupLoadedEditorAssemblies (499ms)
				LogAssemblyErrors (0ms)
				InitializePlatformSupportModulesInManaged (12ms)
				SetLoadedEditorAssemblies (0ms)
				RefreshPlugins (1ms)
				BeforeProcessingInitializeOnLoad (119ms)
				ProcessInitializeOnLoadAttributes (355ms)
				ProcessInitializeOnLoadMethodAttributes (5ms)
				AfterProcessingInitializeOnLoad (8ms)
				EditorAssembliesLoaded (0ms)
			ExecutionOrderSort2 (0ms)
			AwakeInstancesAfterBackupRestoration (8ms)
Platform modules already initialized, skipping
Refreshing native plugins compatible for Editor in 0.50 ms, found 2 plugins.
Preloading 0 native plugins for Editor in 0.00 ms.
Unloading 1592 Unused Serialized files (Serialized files now loaded: 0)
System memory in use before: 73.0 MB.
System memory in use after: 73.1 MB.

Unloading 14 unused Assets to reduce memory usage. Loaded Objects now: 2051.
Total: 3.466300 ms (FindLiveObjects: 0.286700 ms CreateObjectMapping: 0.050000 ms MarkObjects: 3.103900 ms  DeleteObjects: 0.024100 ms)

AssetImportParameters requested are different than current active one (requested -> active):
  custom:framework-win-MediaFoundation: 216162199b28c13a410421893ffa2e32 -> 
  custom:video-decoder-ogg-theora: a1e56fd34408186e4bbccfd4996cb3dc -> 
  custom:container-muxer-webm: aa71ff27fc2769a1b78a27578f13a17b -> 
  custom:container-demuxer-webm: 4f35f7cbe854078d1ac9338744f61a02 -> 
  custom:container-demuxer-ogg: 62fdf1f143b41e24485cea50d1cbac27 -> 
  custom:video-encoder-webm-vp8: eb34c28f22e8b96e1ab97ce403110664 -> 
  custom:video-codec-MediaFoundation-h265: 746d11721c4dcdbdad8f713fa42b33f4 -> 
  custom:video-decoder-webm-vp8: 9c59270c3fd7afecdb556c50c9e8de78 -> 
  custom:audio-decoder-ogg-vorbis: bf7c407c2cedff20999df2af8eb42d56 -> 
  custom:audio-encoder-webm-vorbis: bf7c407c2cedff20999df2af8eb42d56 -> 
========================================================================
Received Import Request.
  Time since last request: 1054.148111 seconds.
  path: Assets/Models
  artifactKey: Guid(1b79aa6a85b2450489b192561bf0c822) Importer(815301076,1909f56bfc062723c751e8b465ee728b)
Start importing Assets/Models using Guid(1b79aa6a85b2450489b192561bf0c822) Importer(815301076,1909f56bfc062723c751e8b465ee728b)  -> (artifact id: 'a4bf3ba6a4f852dd94f6cd85fd02f7e3') in 0.015226 seconds 
  Import took 0.019706 seconds .

========================================================================
Received Import Request.
  Time since last request: 0.001930 seconds.
  path: Assets/Models
  artifactKey: Guid(1b79aa6a85b2450489b192561bf0c822) Importer(815301076,1909f56bfc062723c751e8b465ee728b)
Start importing Assets/Models using Guid(1b79aa6a85b2450489b192561bf0c822) Importer(815301076,1909f56bfc062723c751e8b465ee728b)  -> (artifact id: 'a4bf3ba6a4f852dd94f6cd85fd02f7e3') in 0.007949 seconds 
  Import took 0.013071 seconds .

========================================================================
Received Import Request.
  Time since last request: 0.045727 seconds.
  path: Assets/Models/ty.fbx
  artifactKey: Guid(bbb56aa14875dfa4faf52f8f2883bbe8) Importer(815301076,1909f56bfc062723c751e8b465ee728b)
Start importing Assets/Models/ty.fbx using Guid(bbb56aa14875dfa4faf52f8f2883bbe8) Importer(815301076,1909f56bfc062723c751e8b465ee728b)  -> (artifact id: '7ec6da80a13f7c604d9fbc920f588b57') in 0.400606 seconds 
  Import took 0.415489 seconds .

========================================================================
Received Import Request.
  Time since last request: 43.564230 seconds.
  path: Assets/Models/ty.fbx
  artifactKey: Guid(bbb56aa14875dfa4faf52f8f2883bbe8) Importer(815301076,1909f56bfc062723c751e8b465ee728b)
Start importing Assets/Models/ty.fbx using Guid(bbb56aa14875dfa4faf52f8f2883bbe8) Importer(815301076,1909f56bfc062723c751e8b465ee728b)  -> (artifact id: '1797ca5c6452dfc34fc312845ed03bb3') in 0.185077 seconds 
  Import took 0.192124 seconds .

========================================================================
Received Import Request.
  Time since last request: 165.451780 seconds.
  path: Assets/Materials/Boy01_Hair_MAT.mat
  artifactKey: Guid(3ae1e51f3c593394289f4935c8ba2c1a) Importer(815301076,1909f56bfc062723c751e8b465ee728b)
Start importing Assets/Materials/Boy01_Hair_MAT.mat using Guid(3ae1e51f3c593394289f4935c8ba2c1a) Importer(815301076,1909f56bfc062723c751e8b465ee728b)  -> (artifact id: 'ed87c231a0da341dfd3200fa1ff84af2') in 0.133024 seconds 
  Import took 0.143864 seconds .

========================================================================
Received Import Request.
  Time since last request: 0.000250 seconds.
  path: Assets/Materials/Boy01_LowerBody_MAT.mat
  artifactKey: Guid(f33fdd8e4a3aa424087c86ffa96131c1) Importer(815301076,1909f56bfc062723c751e8b465ee728b)
Start importing Assets/Materials/Boy01_LowerBody_MAT.mat using Guid(f33fdd8e4a3aa424087c86ffa96131c1) Importer(815301076,1909f56bfc062723c751e8b465ee728b)  -> (artifact id: '2bfb4b2ad27f00e8778c65526b6f2e16') in 0.148205 seconds 
  Import took 0.153009 seconds .

========================================================================
Received Import Request.
  Time since last request: 0.000388 seconds.
  path: Assets/Materials/Boy01_UpperBody_MAT.mat
  artifactKey: Guid(a5a5dbc89f341704494fbd76d346ae96) Importer(815301076,1909f56bfc062723c751e8b465ee728b)
Start importing Assets/Materials/Boy01_UpperBody_MAT.mat using Guid(a5a5dbc89f341704494fbd76d346ae96) Importer(815301076,1909f56bfc062723c751e8b465ee728b)  -> (artifact id: 'bb154a6ce2d28f82435625dc485d3bff') in 0.075275 seconds 
  Import took 0.094792 seconds .

========================================================================
Received Import Request.
  Time since last request: 0.002356 seconds.
  path: Assets/Materials/Boy01_Head_MAT.mat
  artifactKey: Guid(1ce7d996ad331fb4dbf2832bdb45d120) Importer(815301076,1909f56bfc062723c751e8b465ee728b)
Start importing Assets/Materials/Boy01_Head_MAT.mat using Guid(1ce7d996ad331fb4dbf2832bdb45d120) Importer(815301076,1909f56bfc062723c751e8b465ee728b)  -> (artifact id: '6cdb319151c5a21664bdb9258f622c63') in 0.025551 seconds 
  Import took 0.032568 seconds .

========================================================================
Received Import Request.
  Time since last request: 0.000358 seconds.
  path: Assets/Materials/Boy01_Hair_MAT.mat
  artifactKey: Guid(3ae1e51f3c593394289f4935c8ba2c1a) Importer(815301076,1909f56bfc062723c751e8b465ee728b)
Start importing Assets/Materials/Boy01_Hair_MAT.mat using Guid(3ae1e51f3c593394289f4935c8ba2c1a) Importer(815301076,1909f56bfc062723c751e8b465ee728b)  -> (artifact id: 'ed87c231a0da341dfd3200fa1ff84af2') in 0.024065 seconds 
  Import took 0.029082 seconds .

========================================================================
Received Import Request.
  Time since last request: 0.000238 seconds.
  path: Assets/Materials/Boy01_Shoes_MAT.mat
  artifactKey: Guid(00a4dbb577149774d911e5a881553d2b) Importer(815301076,1909f56bfc062723c751e8b465ee728b)
Start importing Assets/Materials/Boy01_Shoes_MAT.mat using Guid(00a4dbb577149774d911e5a881553d2b) Importer(815301076,1909f56bfc062723c751e8b465ee728b)  -> (artifact id: '4d87e67df6c51c68024d5ceb414f08f0') in 0.033865 seconds 
  Import took 0.039920 seconds .

========================================================================
Received Import Request.
  Time since last request: 0.000322 seconds.
  path: Assets/Materials/Boy01_Scarf_MAT.mat
  artifactKey: Guid(e75558204d3547640bebec22028007b0) Importer(815301076,1909f56bfc062723c751e8b465ee728b)
Start importing Assets/Materials/Boy01_Scarf_MAT.mat using Guid(e75558204d3547640bebec22028007b0) Importer(815301076,1909f56bfc062723c751e8b465ee728b)  -> (artifact id: '5bfdc43101f1dd006d1872f684b39a67') in 0.036603 seconds 
  Import took 0.048268 seconds .

========================================================================
Received Import Request.
  Time since last request: 0.000887 seconds.
  path: Assets/Materials/Boy01_Hands_MAT.mat
  artifactKey: Guid(1618a583caafc1c4c9e207c40b03bb49) Importer(815301076,1909f56bfc062723c751e8b465ee728b)
Start importing Assets/Materials/Boy01_Hands_MAT.mat using Guid(1618a583caafc1c4c9e207c40b03bb49) Importer(815301076,1909f56bfc062723c751e8b465ee728b)  -> (artifact id: '0557cfed5f3ac09be65c6c733f1801d7') in 0.051416 seconds 
  Import took 0.065664 seconds .

========================================================================
Received Import Request.
  Time since last request: 393.768822 seconds.
  path: Assets/Models/ty.fbx
  artifactKey: Guid(bbb56aa14875dfa4faf52f8f2883bbe8) Importer(815301076,1909f56bfc062723c751e8b465ee728b)
Start importing Assets/Models/ty.fbx using Guid(bbb56aa14875dfa4faf52f8f2883bbe8) Importer(815301076,1909f56bfc062723c751e8b465ee728b)  -> (artifact id: 'b67bd61cbc6bade5d3d56d64b47fac69') in 0.193334 seconds 
  Import took 0.201254 seconds .

========================================================================
Received Import Request.
  Time since last request: 36.714752 seconds.
  path: Assets/Materials
  artifactKey: Guid(d903edc82527f8e46bf9cc50e59a7006) Importer(815301076,1909f56bfc062723c751e8b465ee728b)
Start importing Assets/Materials using Guid(d903edc82527f8e46bf9cc50e59a7006) Importer(815301076,1909f56bfc062723c751e8b465ee728b)  -> (artifact id: '2d535323b4b9544a0ae8a3309e2434be') in 0.012800 seconds 
  Import took 0.018878 seconds .

========================================================================
Received Import Request.
  Time since last request: 266.097516 seconds.
  path: Assets/Models/ty.fbx
  artifactKey: Guid(bbb56aa14875dfa4faf52f8f2883bbe8) Importer(815301076,1909f56bfc062723c751e8b465ee728b)
Start importing Assets/Models/ty.fbx using Guid(bbb56aa14875dfa4faf52f8f2883bbe8) Importer(815301076,1909f56bfc062723c751e8b465ee728b)  -> (artifact id: '921adf3eaf40294b1a22214f702bd92a') in 0.152836 seconds 
  Import took 0.162028 seconds .

========================================================================
Received Import Request.
  Time since last request: 32.024624 seconds.
  path: Assets/Materials/naturePack_129.obj
  artifactKey: Guid(7156dba1ae66efe4bbee0c2d9fbc8b7f) Importer(815301076,1909f56bfc062723c751e8b465ee728b)
Start importing Assets/Materials/naturePack_129.obj using Guid(7156dba1ae66efe4bbee0c2d9fbc8b7f) Importer(815301076,1909f56bfc062723c751e8b465ee728b)  -> (artifact id: 'aea5acae111e8b31082b06722b8eb52a') in 0.079803 seconds 
  Import took 0.085768 seconds .

========================================================================
Received Import Request.
  Time since last request: 0.000441 seconds.
  path: Assets/Materials/naturePack_133.obj
  artifactKey: Guid(106536681a6a99643877f9cf8c0e3aa7) Importer(815301076,1909f56bfc062723c751e8b465ee728b)
Start importing Assets/Materials/naturePack_133.obj using Guid(106536681a6a99643877f9cf8c0e3aa7) Importer(815301076,1909f56bfc062723c751e8b465ee728b)  -> (artifact id: 'dd7ecffa3cadb318304389ca343c117e') in 0.100675 seconds 
  Import took 0.106102 seconds .

========================================================================
Received Import Request.
  Time since last request: 0.000267 seconds.
  path: Assets/Materials/naturePack_155.obj
  artifactKey: Guid(d300258f267bc0f47aadb1e18d57b3d6) Importer(815301076,1909f56bfc062723c751e8b465ee728b)
Start importing Assets/Materials/naturePack_155.obj using Guid(d300258f267bc0f47aadb1e18d57b3d6) Importer(815301076,1909f56bfc062723c751e8b465ee728b)  -> (artifact id: '1f57c73e5f8bded95200e85b58d01578') in 0.079702 seconds 
  Import took 0.085384 seconds .

========================================================================
Received Import Request.
  Time since last request: 0.000248 seconds.
  path: Assets/Materials/naturePack_flat_002.obj
  artifactKey: Guid(f1545dc9690375e4b96e40fd218c8e43) Importer(815301076,1909f56bfc062723c751e8b465ee728b)
Start importing Assets/Materials/naturePack_flat_002.obj using Guid(f1545dc9690375e4b96e40fd218c8e43) Importer(815301076,1909f56bfc062723c751e8b465ee728b)  -> (artifact id: '32997b6183cd1cea4085790b97de805e') in 0.107776 seconds 
  Import took 0.112557 seconds .

========================================================================
Received Import Request.
  Time since last request: 0.000233 seconds.
  path: Assets/Materials/naturePack_150.obj
  artifactKey: Guid(322cad5e5a6da95448de15a60819236c) Importer(815301076,1909f56bfc062723c751e8b465ee728b)
Start importing Assets/Materials/naturePack_150.obj using Guid(322cad5e5a6da95448de15a60819236c) Importer(815301076,1909f56bfc062723c751e8b465ee728b)  -> (artifact id: '8b4bd017100fe9772f53c0d9123e32d7') in 0.077549 seconds 
  Import took 0.082094 seconds .

========================================================================
Received Import Request.
  Time since last request: 0.000342 seconds.
  path: Assets/Materials/naturePack_flat_001.obj
  artifactKey: Guid(698ea1d3abe1e774096a57292c4954a3) Importer(815301076,1909f56bfc062723c751e8b465ee728b)
Start importing Assets/Materials/naturePack_flat_001.obj using Guid(698ea1d3abe1e774096a57292c4954a3) Importer(815301076,1909f56bfc062723c751e8b465ee728b)  -> (artifact id: 'ab05a697add54ad70bc5c64860ce5583') in 0.080425 seconds 
  Import took 0.085262 seconds .

========================================================================
Received Import Request.
  Time since last request: 0.000370 seconds.
  path: Assets/Materials/naturePack_130.obj
  artifactKey: Guid(a8c12812fedfd6641b7894c05c715cbb) Importer(815301076,1909f56bfc062723c751e8b465ee728b)
Start importing Assets/Materials/naturePack_130.obj using Guid(a8c12812fedfd6641b7894c05c715cbb) Importer(815301076,1909f56bfc062723c751e8b465ee728b)  -> (artifact id: '5ca5f513c144711eef6f613680b17f4d') in 0.073528 seconds 
  Import took 0.079131 seconds .

========================================================================
Received Import Request.
  Time since last request: 0.000292 seconds.
  path: Assets/Materials/naturePack_140.obj
  artifactKey: Guid(bef4b1d0544b9c14e93974bfb18b6f09) Importer(815301076,1909f56bfc062723c751e8b465ee728b)
Start importing Assets/Materials/naturePack_140.obj using Guid(bef4b1d0544b9c14e93974bfb18b6f09) Importer(815301076,1909f56bfc062723c751e8b465ee728b)  -> (artifact id: '12a21ba12ad6b59067af33b3cbb95c2d') in 0.080794 seconds 
  Import took 0.085976 seconds .

========================================================================
Received Import Request.
  Time since last request: 0.000521 seconds.
  path: Assets/Materials/naturePack_169.obj
  artifactKey: Guid(8048af5adb169ab47afdc2cb65063343) Importer(815301076,1909f56bfc062723c751e8b465ee728b)
Start importing Assets/Materials/naturePack_169.obj using Guid(8048af5adb169ab47afdc2cb65063343) Importer(815301076,1909f56bfc062723c751e8b465ee728b)  -> (artifact id: '8e0f8f45178f32e52d5dd8babcf6363e') in 0.102611 seconds 
  Import took 0.107283 seconds .

========================================================================
Received Import Request.
  Time since last request: 0.000386 seconds.
  path: Assets/Materials/naturePack_flat_003.obj
  artifactKey: Guid(cad0fe0cf022d2641beccfa13b02b391) Importer(815301076,1909f56bfc062723c751e8b465ee728b)
Start importing Assets/Materials/naturePack_flat_003.obj using Guid(cad0fe0cf022d2641beccfa13b02b391) Importer(815301076,1909f56bfc062723c751e8b465ee728b)  -> (artifact id: 'f3c91543c09f942d1d9d36aa60b1f16f') in 0.083344 seconds 
  Import took 0.089996 seconds .

========================================================================
Received Import Request.
  Time since last request: 0.000439 seconds.
  path: Assets/Materials/naturePack_168.obj
  artifactKey: Guid(78003c9341d3cb54e8166e4fac44ecff) Importer(815301076,1909f56bfc062723c751e8b465ee728b)
Start importing Assets/Materials/naturePack_168.obj using Guid(78003c9341d3cb54e8166e4fac44ecff) Importer(815301076,1909f56bfc062723c751e8b465ee728b)  -> (artifact id: '47d284361176c8a09ffcad35c970ebea') in 0.097899 seconds 
  Import took 0.102735 seconds .

========================================================================
Received Import Request.
  Time since last request: 0.000284 seconds.
  path: Assets/Materials/naturePack_132.obj
  artifactKey: Guid(d626fc6a969417c41a7ca341ab51a6e2) Importer(815301076,1909f56bfc062723c751e8b465ee728b)
Start importing Assets/Materials/naturePack_132.obj using Guid(d626fc6a969417c41a7ca341ab51a6e2) Importer(815301076,1909f56bfc062723c751e8b465ee728b)  -> (artifact id: 'b40e951df603f146be271582f90dacee') in 0.091562 seconds 
  Import took 0.095957 seconds .

========================================================================
Received Import Request.
  Time since last request: 0.000241 seconds.
  path: Assets/Materials/naturePack_161.obj
  artifactKey: Guid(eebb74e4bde2f6d4ba3322e903061481) Importer(815301076,1909f56bfc062723c751e8b465ee728b)
Start importing Assets/Materials/naturePack_161.obj using Guid(eebb74e4bde2f6d4ba3322e903061481) Importer(815301076,1909f56bfc062723c751e8b465ee728b)  -> (artifact id: '5343cd31a44a91e3f5d9bfab68174b5d') in 0.075885 seconds 
  Import took 0.080309 seconds .

========================================================================
Received Import Request.
  Time since last request: 0.000279 seconds.
  path: Assets/Materials/naturePack_167.obj
  artifactKey: Guid(590d3d8c5007cd34a82629a2f4625cf8) Importer(815301076,1909f56bfc062723c751e8b465ee728b)
Start importing Assets/Materials/naturePack_167.obj using Guid(590d3d8c5007cd34a82629a2f4625cf8) Importer(815301076,1909f56bfc062723c751e8b465ee728b)  -> (artifact id: '7790fca8453194ec077f05e870d9b0ac') in 0.087913 seconds 
  Import took 0.093730 seconds .

========================================================================
Received Import Request.
  Time since last request: 0.000561 seconds.
  path: Assets/Materials/naturePack_flat_004.obj
  artifactKey: Guid(2864878a765db5142903752e090c6a9b) Importer(815301076,1909f56bfc062723c751e8b465ee728b)
Start importing Assets/Materials/naturePack_flat_004.obj using Guid(2864878a765db5142903752e090c6a9b) Importer(815301076,1909f56bfc062723c751e8b465ee728b)  -> (artifact id: 'e5a22a5a12d5798700264dd27cc1ba4d') in 0.107426 seconds 
  Import took 0.114643 seconds .

========================================================================
Received Import Request.
  Time since last request: 0.000770 seconds.
  path: Assets/Materials/naturePack_119.obj
  artifactKey: Guid(bf2f9479ec33f614eb26512810c09bd9) Importer(815301076,1909f56bfc062723c751e8b465ee728b)
Start importing Assets/Materials/naturePack_119.obj using Guid(bf2f9479ec33f614eb26512810c09bd9) Importer(815301076,1909f56bfc062723c751e8b465ee728b)  -> (artifact id: '7b0c88edd3e57002d19eed18d3d63528') in 0.088237 seconds 
  Import took 0.095673 seconds .

========================================================================
Received Import Request.
  Time since last request: 0.000362 seconds.
  path: Assets/Materials/naturePack_089.obj
  artifactKey: Guid(88a8c97afd907b4498bc3dcc850350c2) Importer(815301076,1909f56bfc062723c751e8b465ee728b)
Start importing Assets/Materials/naturePack_089.obj using Guid(88a8c97afd907b4498bc3dcc850350c2) Importer(815301076,1909f56bfc062723c751e8b465ee728b)  -> (artifact id: '305d441d454e97740062da5ea9f4581c') in 0.095725 seconds 
  Import took 0.109398 seconds .

========================================================================
Received Import Request.
  Time since last request: 0.000295 seconds.
  path: Assets/Materials/naturePack_085.obj
  artifactKey: Guid(cc94e4ac70f6ccf4d86796e229980158) Importer(815301076,1909f56bfc062723c751e8b465ee728b)
Start importing Assets/Materials/naturePack_085.obj using Guid(cc94e4ac70f6ccf4d86796e229980158) Importer(815301076,1909f56bfc062723c751e8b465ee728b)  -> (artifact id: 'bd3b9e383b61a9f7a0aae2fabea01d34') in 0.076045 seconds 
  Import took 0.083364 seconds .

========================================================================
Received Import Request.
  Time since last request: 0.000261 seconds.
  path: Assets/Materials/naturePack_146.obj
  artifactKey: Guid(07e7a2bdd3f21c242bf38ec01439a65c) Importer(815301076,1909f56bfc062723c751e8b465ee728b)
Start importing Assets/Materials/naturePack_146.obj using Guid(07e7a2bdd3f21c242bf38ec01439a65c) Importer(815301076,1909f56bfc062723c751e8b465ee728b)  -> (artifact id: 'b6f54095f3af306374fde7ab81b0f56d') in 0.103501 seconds 
  Import took 0.110751 seconds .

========================================================================
Received Import Request.
  Time since last request: 0.000439 seconds.
  path: Assets/Materials/naturePack_090.obj
  artifactKey: Guid(101100f7255618248bb9da06819d6ed5) Importer(815301076,1909f56bfc062723c751e8b465ee728b)
Start importing Assets/Materials/naturePack_090.obj using Guid(101100f7255618248bb9da06819d6ed5) Importer(815301076,1909f56bfc062723c751e8b465ee728b)  -> (artifact id: '820d366da9572b01845cf06fbf11f910') in 0.086745 seconds 
  Import took 0.090476 seconds .

========================================================================
Received Import Request.
  Time since last request: 0.000290 seconds.
  path: Assets/Materials/naturePack_092.obj
  artifactKey: Guid(8244048a07788f341855b83bd9ccca49) Importer(815301076,1909f56bfc062723c751e8b465ee728b)
Start importing Assets/Materials/naturePack_092.obj using Guid(8244048a07788f341855b83bd9ccca49) Importer(815301076,1909f56bfc062723c751e8b465ee728b)  -> (artifact id: '261bb6c85bd72ec2c329d3af92e7580c') in 0.099607 seconds 
  Import took 0.104152 seconds .

========================================================================
Received Import Request.
  Time since last request: 0.000404 seconds.
  path: Assets/Materials/naturePack_095.obj
  artifactKey: Guid(8e63e66cc03d17846a1884864134d2b4) Importer(815301076,1909f56bfc062723c751e8b465ee728b)
Start importing Assets/Materials/naturePack_095.obj using Guid(8e63e66cc03d17846a1884864134d2b4) Importer(815301076,1909f56bfc062723c751e8b465ee728b)  -> (artifact id: 'f51ed70397425f89a83749c07abefc3b') in 0.087227 seconds 
  Import took 0.091263 seconds .

========================================================================
Received Import Request.
  Time since last request: 0.000208 seconds.
  path: Assets/Materials/naturePack_120.obj
  artifactKey: Guid(9613946bbcd50b1409013c5e51aa4f67) Importer(815301076,1909f56bfc062723c751e8b465ee728b)
Start importing Assets/Materials/naturePack_120.obj using Guid(9613946bbcd50b1409013c5e51aa4f67) Importer(815301076,1909f56bfc062723c751e8b465ee728b)  -> (artifact id: 'f3028dec516182fd841687760ab051ea') in 0.087806 seconds 
  Import took 0.092021 seconds .

========================================================================
Received Import Request.
  Time since last request: 0.000451 seconds.
  path: Assets/Materials/naturePack_093.obj
  artifactKey: Guid(1514065d5435f07469cc93fb405ff900) Importer(815301076,1909f56bfc062723c751e8b465ee728b)
Start importing Assets/Materials/naturePack_093.obj using Guid(1514065d5435f07469cc93fb405ff900) Importer(815301076,1909f56bfc062723c751e8b465ee728b)  -> (artifact id: '2ee2a15de3dbfeb607a593b50595f201') in 0.079354 seconds 
  Import took 0.082770 seconds .

========================================================================
Received Import Request.
  Time since last request: 0.000184 seconds.
  path: Assets/Materials/naturePack_088.obj
  artifactKey: Guid(ea6f3101f91b7e1438e763ce64a17866) Importer(815301076,1909f56bfc062723c751e8b465ee728b)
Start importing Assets/Materials/naturePack_088.obj using Guid(ea6f3101f91b7e1438e763ce64a17866) Importer(815301076,1909f56bfc062723c751e8b465ee728b)  -> (artifact id: '5fbe903553c4eccec512868341b0a944') in 0.061889 seconds 
  Import took 0.064829 seconds .

========================================================================
Received Import Request.
  Time since last request: 0.000286 seconds.
  path: Assets/Materials/naturePack_118.obj
  artifactKey: Guid(e6575831a1e61894298fcd95010412f1) Importer(815301076,1909f56bfc062723c751e8b465ee728b)
Start importing Assets/Materials/naturePack_118.obj using Guid(e6575831a1e61894298fcd95010412f1) Importer(815301076,1909f56bfc062723c751e8b465ee728b)  -> (artifact id: 'a5b33b54efadbfe8fe21c3363dcb32b6') in 0.085656 seconds 
  Import took 0.089824 seconds .

========================================================================
Received Import Request.
  Time since last request: 0.000239 seconds.
  path: Assets/Materials/naturePack_127.obj
  artifactKey: Guid(6a284c73711d1b34691d39a2c3c946d2) Importer(815301076,1909f56bfc062723c751e8b465ee728b)
Start importing Assets/Materials/naturePack_127.obj using Guid(6a284c73711d1b34691d39a2c3c946d2) Importer(815301076,1909f56bfc062723c751e8b465ee728b)  -> (artifact id: 'fe449c5ece0b89924e9e0ff8cca244cd') in 0.088535 seconds 
  Import took 0.094252 seconds .

========================================================================
Received Import Request.
  Time since last request: 0.000618 seconds.
  path: Assets/Materials/naturePack_116.obj
  artifactKey: Guid(5b22f088d5b2a6d4db5ad82822cb8133) Importer(815301076,1909f56bfc062723c751e8b465ee728b)
Start importing Assets/Materials/naturePack_116.obj using Guid(5b22f088d5b2a6d4db5ad82822cb8133) Importer(815301076,1909f56bfc062723c751e8b465ee728b)  -> (artifact id: 'f57d166a727b69af5a015dd11a8ae9c7') in 0.094323 seconds 
  Import took 0.100082 seconds .

========================================================================
Received Import Request.
  Time since last request: 0.000333 seconds.
  path: Assets/Materials/naturePack_142.obj
  artifactKey: Guid(bfb547cd25daadc44af0c93a0be17f69) Importer(815301076,1909f56bfc062723c751e8b465ee728b)
Start importing Assets/Materials/naturePack_142.obj using Guid(bfb547cd25daadc44af0c93a0be17f69) Importer(815301076,1909f56bfc062723c751e8b465ee728b)  -> (artifact id: '576a7f36f5ab1185ca415dde60b4af12') in 0.092179 seconds 
  Import took 0.098490 seconds .

========================================================================
Received Import Request.
  Time since last request: 0.000308 seconds.
  path: Assets/Materials/naturePack_091.obj
  artifactKey: Guid(f4c3c71ce80c55f43a31245cf7ef1039) Importer(815301076,1909f56bfc062723c751e8b465ee728b)
Start importing Assets/Materials/naturePack_091.obj using Guid(f4c3c71ce80c55f43a31245cf7ef1039) Importer(815301076,1909f56bfc062723c751e8b465ee728b)  -> (artifact id: 'bad6eb1437228f90cd27e8a9b4ed67b2') in 0.122385 seconds 
  Import took 0.132063 seconds .

========================================================================
Received Import Request.
  Time since last request: 0.000289 seconds.
  path: Assets/Materials/naturePack_125.obj
  artifactKey: Guid(227277fcd0f26db4da329dcd5bcb2dbe) Importer(815301076,1909f56bfc062723c751e8b465ee728b)
Start importing Assets/Materials/naturePack_125.obj using Guid(227277fcd0f26db4da329dcd5bcb2dbe) Importer(815301076,1909f56bfc062723c751e8b465ee728b)  -> (artifact id: '6a6209c6083d93c380935af0dd4a6e09') in 0.107123 seconds 
  Import took 0.113121 seconds .

========================================================================
Received Import Request.
  Time since last request: 0.000302 seconds.
  path: Assets/Materials/naturePack_080.obj
  artifactKey: Guid(430d6706a003ed743bbfe736ab3c8a5a) Importer(815301076,1909f56bfc062723c751e8b465ee728b)
Start importing Assets/Materials/naturePack_080.obj using Guid(430d6706a003ed743bbfe736ab3c8a5a) Importer(815301076,1909f56bfc062723c751e8b465ee728b)  -> (artifact id: '52f58b5fb2097a4e8bf6560f68b89899') in 0.097568 seconds 
  Import took 0.103749 seconds .

========================================================================
Received Import Request.
  Time since last request: 0.000365 seconds.
  path: Assets/Materials/naturePack_106.obj
  artifactKey: Guid(2b0038efad4d71340a7fb6cfc5e93a62) Importer(815301076,1909f56bfc062723c751e8b465ee728b)
Start importing Assets/Materials/naturePack_106.obj using Guid(2b0038efad4d71340a7fb6cfc5e93a62) Importer(815301076,1909f56bfc062723c751e8b465ee728b)  -> (artifact id: 'c4007b08cdc3ffedabccdff41a79ff72') in 0.140131 seconds 
  Import took 0.146387 seconds .

========================================================================
Received Import Request.
  Time since last request: 0.000530 seconds.
  path: Assets/Materials/naturePack_145.obj
  artifactKey: Guid(e5f97e2f084c39f4ca06d12c54da6f73) Importer(815301076,1909f56bfc062723c751e8b465ee728b)
Start importing Assets/Materials/naturePack_145.obj using Guid(e5f97e2f084c39f4ca06d12c54da6f73) Importer(815301076,1909f56bfc062723c751e8b465ee728b)  -> (artifact id: '7026886ba49ba774e41dc51b3431882c') in 0.151370 seconds 
  Import took 0.156163 seconds .

========================================================================
Received Import Request.
  Time since last request: 0.000295 seconds.
  path: Assets/Materials/naturePack_078.obj
  artifactKey: Guid(c0041ef04d101544183c6881ca8a980f) Importer(815301076,1909f56bfc062723c751e8b465ee728b)
Start importing Assets/Materials/naturePack_078.obj using Guid(c0041ef04d101544183c6881ca8a980f) Importer(815301076,1909f56bfc062723c751e8b465ee728b)  -> (artifact id: '355bafd115cd52bd67ebd627c54923b1') in 0.095340 seconds 
  Import took 0.100277 seconds .

========================================================================
Received Import Request.
  Time since last request: 0.000622 seconds.
  path: Assets/Materials/naturePack_100.obj
  artifactKey: Guid(dfcc05f98d5c73b40ad628ef54220eb6) Importer(815301076,1909f56bfc062723c751e8b465ee728b)
Start importing Assets/Materials/naturePack_100.obj using Guid(dfcc05f98d5c73b40ad628ef54220eb6) Importer(815301076,1909f56bfc062723c751e8b465ee728b)  -> (artifact id: 'c87698567b40843f343d8f65203b2c4a') in 0.140872 seconds 
  Import took 0.146593 seconds .

========================================================================
Received Import Request.
  Time since last request: 0.000327 seconds.
  path: Assets/Materials/naturePack_135.obj
  artifactKey: Guid(29efaaaea47265543914af357d698231) Importer(815301076,1909f56bfc062723c751e8b465ee728b)
Start importing Assets/Materials/naturePack_135.obj using Guid(29efaaaea47265543914af357d698231) Importer(815301076,1909f56bfc062723c751e8b465ee728b)  -> (artifact id: '72d877aa348d4f90aac0942cf4271a6f') in 0.106648 seconds 
  Import took 0.111368 seconds .

========================================================================
Received Import Request.
  Time since last request: 0.000306 seconds.
  path: Assets/Materials/naturePack_157.obj
  artifactKey: Guid(3692636b62bd16b4b9a4168ed9d876ec) Importer(815301076,1909f56bfc062723c751e8b465ee728b)
Start importing Assets/Materials/naturePack_157.obj using Guid(3692636b62bd16b4b9a4168ed9d876ec) Importer(815301076,1909f56bfc062723c751e8b465ee728b)  -> (artifact id: '64ed0f7575be7759cd0c4ae815c33d5d') in 0.090335 seconds 
  Import took 0.097970 seconds .

========================================================================
Received Import Request.
  Time since last request: 0.000321 seconds.
  path: Assets/Materials/naturePack_134.obj
  artifactKey: Guid(3dacaf342427dd046bcbb3dcd19a39a2) Importer(815301076,1909f56bfc062723c751e8b465ee728b)
Start importing Assets/Materials/naturePack_134.obj using Guid(3dacaf342427dd046bcbb3dcd19a39a2) Importer(815301076,1909f56bfc062723c751e8b465ee728b)  -> (artifact id: 'dc084d86318dfa14f69cb20f335d6420') in 0.077236 seconds 
  Import took 0.082544 seconds .

========================================================================
Received Import Request.
  Time since last request: 0.000336 seconds.
  path: Assets/Materials/naturePack_143.obj
  artifactKey: Guid(aa77e55b462f4fc44ad14ee412ae2222) Importer(815301076,1909f56bfc062723c751e8b465ee728b)
Start importing Assets/Materials/naturePack_143.obj using Guid(aa77e55b462f4fc44ad14ee412ae2222) Importer(815301076,1909f56bfc062723c751e8b465ee728b)  -> (artifact id: 'a36d3f7ce683d844637cbc91d6b60967') in 0.097686 seconds 
  Import took 0.103667 seconds .

========================================================================
Received Import Request.
  Time since last request: 0.000277 seconds.
  path: Assets/Materials/naturePack_105.obj
  artifactKey: Guid(983e1120eb1ea1744a394d1940492e02) Importer(815301076,1909f56bfc062723c751e8b465ee728b)
Start importing Assets/Materials/naturePack_105.obj using Guid(983e1120eb1ea1744a394d1940492e02) Importer(815301076,1909f56bfc062723c751e8b465ee728b)  -> (artifact id: '4137b881c8b00a90baca705aa9760981') in 0.064110 seconds 
  Import took 0.069408 seconds .

========================================================================
Received Import Request.
  Time since last request: 0.000369 seconds.
  path: Assets/Materials/naturePack_141.obj
  artifactKey: Guid(d9919f64f0e4aa44087038beb75dc8f4) Importer(815301076,1909f56bfc062723c751e8b465ee728b)
Start importing Assets/Materials/naturePack_141.obj using Guid(d9919f64f0e4aa44087038beb75dc8f4) Importer(815301076,1909f56bfc062723c751e8b465ee728b)  -> (artifact id: 'c9cc9f2e4d330064aca6abd5abcd12f8') in 0.102533 seconds 
  Import took 0.107548 seconds .

========================================================================
Received Import Request.
  Time since last request: 0.000354 seconds.
  path: Assets/Materials/naturePack_096.obj
  artifactKey: Guid(2785f12e307fded48b92b06d9e703287) Importer(815301076,1909f56bfc062723c751e8b465ee728b)
Start importing Assets/Materials/naturePack_096.obj using Guid(2785f12e307fded48b92b06d9e703287) Importer(815301076,1909f56bfc062723c751e8b465ee728b)  -> (artifact id: '9191f8004ce737f4a672f89c0f9e0423') in 0.069403 seconds 
  Import took 0.073010 seconds .

========================================================================
Received Import Request.
  Time since last request: 0.000344 seconds.
  path: Assets/Materials/naturePack_136.obj
  artifactKey: Guid(9f67da41a5b0e884b865febabd9fafc7) Importer(815301076,1909f56bfc062723c751e8b465ee728b)
Start importing Assets/Materials/naturePack_136.obj using Guid(9f67da41a5b0e884b865febabd9fafc7) Importer(815301076,1909f56bfc062723c751e8b465ee728b)  -> (artifact id: '3a34ca1ac6ece2253bc28a66c555b7f0') in 0.073904 seconds 
  Import took 0.078951 seconds .

========================================================================
Received Import Request.
  Time since last request: 0.000241 seconds.
  path: Assets/Materials/naturePack_086.obj
  artifactKey: Guid(d085d06ccf016024183b2dddf1a57d38) Importer(815301076,1909f56bfc062723c751e8b465ee728b)
Start importing Assets/Materials/naturePack_086.obj using Guid(d085d06ccf016024183b2dddf1a57d38) Importer(815301076,1909f56bfc062723c751e8b465ee728b)  -> (artifact id: '62eda4b66d3bc986d823de748a11d127') in 0.087668 seconds 
  Import took 0.091797 seconds .

========================================================================
Received Import Request.
  Time since last request: 0.000509 seconds.
  path: Assets/Materials/naturePack_084.obj
  artifactKey: Guid(c3ef80a96b3efb544986341be71627e3) Importer(815301076,1909f56bfc062723c751e8b465ee728b)
Start importing Assets/Materials/naturePack_084.obj using Guid(c3ef80a96b3efb544986341be71627e3) Importer(815301076,1909f56bfc062723c751e8b465ee728b)  -> (artifact id: 'dd45854df8984728ea6a51d8eb30f44e') in 0.071016 seconds 
  Import took 0.075194 seconds .

========================================================================
Received Import Request.
  Time since last request: 0.000324 seconds.
  path: Assets/Materials/naturePack_079.obj
  artifactKey: Guid(c80e58cce40be964aa85886267b13428) Importer(815301076,1909f56bfc062723c751e8b465ee728b)
Start importing Assets/Materials/naturePack_079.obj using Guid(c80e58cce40be964aa85886267b13428) Importer(815301076,1909f56bfc062723c751e8b465ee728b)  -> (artifact id: '72f02da0d0ec5799a8e0540b4e0d1909') in 0.071713 seconds 
  Import took 0.076754 seconds .

========================================================================
Received Import Request.
  Time since last request: 0.000263 seconds.
  path: Assets/Materials/naturePack_104.obj
  artifactKey: Guid(608decfbc3c21de4f807167a8895f949) Importer(815301076,1909f56bfc062723c751e8b465ee728b)
Start importing Assets/Materials/naturePack_104.obj using Guid(608decfbc3c21de4f807167a8895f949) Importer(815301076,1909f56bfc062723c751e8b465ee728b)  -> (artifact id: '42593c9d6b9c5a88c10887c157486204') in 0.073276 seconds 
  Import took 0.076970 seconds .

========================================================================
Received Import Request.
  Time since last request: 0.000247 seconds.
  path: Assets/Materials/naturePack_151.obj
  artifactKey: Guid(1fe2a251891e1a14e86a071a2e1eef6a) Importer(815301076,1909f56bfc062723c751e8b465ee728b)
Start importing Assets/Materials/naturePack_151.obj using Guid(1fe2a251891e1a14e86a071a2e1eef6a) Importer(815301076,1909f56bfc062723c751e8b465ee728b)  -> (artifact id: 'dcdcd59b58808bad49e3afb911fb048f') in 0.091107 seconds 
  Import took 0.096142 seconds .

========================================================================
Received Import Request.
  Time since last request: 0.000384 seconds.
  path: Assets/Materials/naturePack_160.obj
  artifactKey: Guid(f87c09b451c146846b1e6d583a2696d1) Importer(815301076,1909f56bfc062723c751e8b465ee728b)
Start importing Assets/Materials/naturePack_160.obj using Guid(f87c09b451c146846b1e6d583a2696d1) Importer(815301076,1909f56bfc062723c751e8b465ee728b)  -> (artifact id: '16d8e6b737535142a192cde14e2c1277') in 0.094255 seconds 
  Import took 0.098152 seconds .

========================================================================
Received Import Request.
  Time since last request: 0.000236 seconds.
  path: Assets/Materials/naturePack_082.obj
  artifactKey: Guid(b6801cea57bcdb346bbb204962426d8d) Importer(815301076,1909f56bfc062723c751e8b465ee728b)
Start importing Assets/Materials/naturePack_082.obj using Guid(b6801cea57bcdb346bbb204962426d8d) Importer(815301076,1909f56bfc062723c751e8b465ee728b)  -> (artifact id: 'f80e74c499dd6a1b4b899ff306012038') in 0.084764 seconds 
  Import took 0.088719 seconds .

========================================================================
Received Import Request.
  Time since last request: 0.000249 seconds.
  path: Assets/Materials/naturePack_137.obj
  artifactKey: Guid(33372365cd579624191e90b0daa9c5d7) Importer(815301076,1909f56bfc062723c751e8b465ee728b)
Start importing Assets/Materials/naturePack_137.obj using Guid(33372365cd579624191e90b0daa9c5d7) Importer(815301076,1909f56bfc062723c751e8b465ee728b)  -> (artifact id: '68a733874477db24f6de9d875117d640') in 0.083119 seconds 
  Import took 0.087578 seconds .

========================================================================
Received Import Request.
  Time since last request: 0.000282 seconds.
  path: Assets/Materials/naturePack_102.obj
  artifactKey: Guid(eb05e1c83fd98b34fbcbdc3bc9020e09) Importer(815301076,1909f56bfc062723c751e8b465ee728b)
Start importing Assets/Materials/naturePack_102.obj using Guid(eb05e1c83fd98b34fbcbdc3bc9020e09) Importer(815301076,1909f56bfc062723c751e8b465ee728b)  -> (artifact id: 'ec9b496919af142a6ad2bd3cee7aa185') in 0.072357 seconds 
  Import took 0.076066 seconds .

========================================================================
Received Import Request.
  Time since last request: 0.000236 seconds.
  path: Assets/Materials/naturePack_109.obj
  artifactKey: Guid(cce532f99a7c16c41a67e1d70851fdfe) Importer(815301076,1909f56bfc062723c751e8b465ee728b)
Start importing Assets/Materials/naturePack_109.obj using Guid(cce532f99a7c16c41a67e1d70851fdfe) Importer(815301076,1909f56bfc062723c751e8b465ee728b)  -> (artifact id: '9ef84832e8ef1a9c3bc016481f318829') in 0.091813 seconds 
  Import took 0.097674 seconds .

========================================================================
Received Import Request.
  Time since last request: 0.000300 seconds.
  path: Assets/Materials/naturePack_138.obj
  artifactKey: Guid(465bc38ef8f060b46b52607157f8b234) Importer(815301076,1909f56bfc062723c751e8b465ee728b)
Start importing Assets/Materials/naturePack_138.obj using Guid(465bc38ef8f060b46b52607157f8b234) Importer(815301076,1909f56bfc062723c751e8b465ee728b)  -> (artifact id: '71d4c5abfdbc3bf7af0c734a5d877978') in 0.089516 seconds 
  Import took 0.144309 seconds .

========================================================================
Received Import Request.
  Time since last request: 0.000287 seconds.
  path: Assets/Materials/naturePack_108.obj
  artifactKey: Guid(d4fcb6177cea93847bcc32894b2fd19e) Importer(815301076,1909f56bfc062723c751e8b465ee728b)
Start importing Assets/Materials/naturePack_108.obj using Guid(d4fcb6177cea93847bcc32894b2fd19e) Importer(815301076,1909f56bfc062723c751e8b465ee728b)  -> (artifact id: '75ae81722a21670bd96ed26af6f30bfb') in 0.089763 seconds 
  Import took 0.094890 seconds .

========================================================================
Received Import Request.
  Time since last request: 0.000261 seconds.
  path: Assets/Materials/naturePack_097.obj
  artifactKey: Guid(0c41a8aadcd9cce45abf6cf2c8f38194) Importer(815301076,1909f56bfc062723c751e8b465ee728b)
Start importing Assets/Materials/naturePack_097.obj using Guid(0c41a8aadcd9cce45abf6cf2c8f38194) Importer(815301076,1909f56bfc062723c751e8b465ee728b)  -> (artifact id: 'ebeb0dd1a2e2e216c4d41491b60cfa42') in 0.075830 seconds 
  Import took 0.080821 seconds .

========================================================================
Received Import Request.
  Time since last request: 0.000291 seconds.
  path: Assets/Materials/naturePack_131.obj
  artifactKey: Guid(a6fa20ef414a08049ae647c2cf41b6a7) Importer(815301076,1909f56bfc062723c751e8b465ee728b)
Start importing Assets/Materials/naturePack_131.obj using Guid(a6fa20ef414a08049ae647c2cf41b6a7) Importer(815301076,1909f56bfc062723c751e8b465ee728b)  -> (artifact id: '6afa6ac90c25bcaf3a5767e63cd95c51') in 0.069734 seconds 
  Import took 0.074654 seconds .

========================================================================
Received Import Request.
  Time since last request: 0.000314 seconds.
  path: Assets/Materials/naturePack_117.obj
  artifactKey: Guid(72f1b48b0e32a3448a43afaef5fc2dc8) Importer(815301076,1909f56bfc062723c751e8b465ee728b)
Start importing Assets/Materials/naturePack_117.obj using Guid(72f1b48b0e32a3448a43afaef5fc2dc8) Importer(815301076,1909f56bfc062723c751e8b465ee728b)  -> (artifact id: 'b7c2ad2ea304738b605d291e4760f67c') in 0.082832 seconds 
  Import took 0.086398 seconds .

========================================================================
Received Import Request.
  Time since last request: 0.000259 seconds.
  path: Assets/Materials/naturePack_147.obj
  artifactKey: Guid(a30e9e1f1df176e44a7a1f991a63d5c8) Importer(815301076,1909f56bfc062723c751e8b465ee728b)
Start importing Assets/Materials/naturePack_147.obj using Guid(a30e9e1f1df176e44a7a1f991a63d5c8) Importer(815301076,1909f56bfc062723c751e8b465ee728b)  -> (artifact id: '9322709a3a8096beafc4743191d14b4d') in 0.108704 seconds 
  Import took 0.119498 seconds .

========================================================================
Received Import Request.
  Time since last request: 0.000229 seconds.
  path: Assets/Materials/naturePack_171.obj
  artifactKey: Guid(1e0c6d08b74740247b53a460ae8ca4a3) Importer(815301076,1909f56bfc062723c751e8b465ee728b)
Start importing Assets/Materials/naturePack_171.obj using Guid(1e0c6d08b74740247b53a460ae8ca4a3) Importer(815301076,1909f56bfc062723c751e8b465ee728b)  -> (artifact id: '13d61894db78da0ebaef3d9fdda93202') in 0.078032 seconds 
  Import took 0.090873 seconds .

========================================================================
Received Import Request.
  Time since last request: 0.000334 seconds.
  path: Assets/Materials/naturePack_153.obj
  artifactKey: Guid(cb2dc456e61d4534f9f3c798c0ed99d3) Importer(815301076,1909f56bfc062723c751e8b465ee728b)
Start importing Assets/Materials/naturePack_153.obj using Guid(cb2dc456e61d4534f9f3c798c0ed99d3) Importer(815301076,1909f56bfc062723c751e8b465ee728b)  -> (artifact id: '193a161ebeab5c5c2407d5f6070243ca') in 0.076193 seconds 
  Import took 0.085707 seconds .

========================================================================
Received Import Request.
  Time since last request: 0.000271 seconds.
  path: Assets/Materials/naturePack_126.obj
  artifactKey: Guid(6b584611377e7004cb7c82f299a62ea9) Importer(815301076,1909f56bfc062723c751e8b465ee728b)
Start importing Assets/Materials/naturePack_126.obj using Guid(6b584611377e7004cb7c82f299a62ea9) Importer(815301076,1909f56bfc062723c751e8b465ee728b)  -> (artifact id: 'bef1eab4e8ee67deb3a1f58e849ba864') in 0.096845 seconds 
  Import took 0.100865 seconds .

========================================================================
Received Import Request.
  Time since last request: 0.000252 seconds.
  path: Assets/Materials/naturePack_154.obj
  artifactKey: Guid(598d5a00d2a74b942b64a72951c75499) Importer(815301076,1909f56bfc062723c751e8b465ee728b)
Start importing Assets/Materials/naturePack_154.obj using Guid(598d5a00d2a74b942b64a72951c75499) Importer(815301076,1909f56bfc062723c751e8b465ee728b)  -> (artifact id: 'f76c5e09405b97f787b6d6ab5079859e') in 0.066480 seconds 
  Import took 0.069886 seconds .

========================================================================
Received Import Request.
  Time since last request: 0.000227 seconds.
  path: Assets/Materials/naturePack_152.obj
  artifactKey: Guid(56dfd04551072c84ebea3ed82610701d) Importer(815301076,1909f56bfc062723c751e8b465ee728b)
Start importing Assets/Materials/naturePack_152.obj using Guid(56dfd04551072c84ebea3ed82610701d) Importer(815301076,1909f56bfc062723c751e8b465ee728b)  -> (artifact id: '41b6a2ad8594d7f4a8bd064a0fc1f26e') in 0.081737 seconds 
  Import took 0.086372 seconds .

========================================================================
Received Import Request.
  Time since last request: 0.000313 seconds.
  path: Assets/Materials/naturePack_174.obj
  artifactKey: Guid(138699461d3ef5447b335900237ab7b0) Importer(815301076,1909f56bfc062723c751e8b465ee728b)
Start importing Assets/Materials/naturePack_174.obj using Guid(138699461d3ef5447b335900237ab7b0) Importer(815301076,1909f56bfc062723c751e8b465ee728b)  -> (artifact id: '45e316417654e6fd2673cdb303fb200e') in 0.088416 seconds 
  Import took 0.092154 seconds .

========================================================================
Received Import Request.
  Time since last request: 0.000239 seconds.
  path: Assets/Materials/naturePack_103.obj
  artifactKey: Guid(a88471422a11248439662a1147bd4379) Importer(815301076,1909f56bfc062723c751e8b465ee728b)
Start importing Assets/Materials/naturePack_103.obj using Guid(a88471422a11248439662a1147bd4379) Importer(815301076,1909f56bfc062723c751e8b465ee728b)  -> (artifact id: 'e5921097a9535de879b16d2731907122') in 0.091830 seconds 
  Import took 0.095371 seconds .

========================================================================
Received Import Request.
  Time since last request: 0.000287 seconds.
  path: Assets/Materials/naturePack_173.obj
  artifactKey: Guid(87459be2893cd9f48ac2d88c4f9650ec) Importer(815301076,1909f56bfc062723c751e8b465ee728b)
Start importing Assets/Materials/naturePack_173.obj using Guid(87459be2893cd9f48ac2d88c4f9650ec) Importer(815301076,1909f56bfc062723c751e8b465ee728b)  -> (artifact id: '7727bebb3a261e3a9c2c06c3ed68371c') in 0.079937 seconds 
  Import took 0.083794 seconds .

========================================================================
Received Import Request.
  Time since last request: 0.000371 seconds.
  path: Assets/Materials/naturePack_158.obj
  artifactKey: Guid(babd8948e79f1a74b8880fbf33c92184) Importer(815301076,1909f56bfc062723c751e8b465ee728b)
Start importing Assets/Materials/naturePack_158.obj using Guid(babd8948e79f1a74b8880fbf33c92184) Importer(815301076,1909f56bfc062723c751e8b465ee728b)  -> (artifact id: 'c4cb5ad4bba53dfc777cd94ab6474158') in 0.061287 seconds 
  Import took 0.065713 seconds .

========================================================================
Received Import Request.
  Time since last request: 0.000313 seconds.
  path: Assets/Materials/naturePack_107.obj
  artifactKey: Guid(db5077a58e41af546969d65752e8c120) Importer(815301076,1909f56bfc062723c751e8b465ee728b)
Start importing Assets/Materials/naturePack_107.obj using Guid(db5077a58e41af546969d65752e8c120) Importer(815301076,1909f56bfc062723c751e8b465ee728b)  -> (artifact id: '3af1fa99ca0c42c91607ae1890fd5676') in 0.081392 seconds 
  Import took 0.087040 seconds .

========================================================================
Received Import Request.
  Time since last request: 0.000331 seconds.
  path: Assets/Materials/naturePack_114.obj
  artifactKey: Guid(85ebaedbe1e9f6f4dad5e9dc9518d786) Importer(815301076,1909f56bfc062723c751e8b465ee728b)
Start importing Assets/Materials/naturePack_114.obj using Guid(85ebaedbe1e9f6f4dad5e9dc9518d786) Importer(815301076,1909f56bfc062723c751e8b465ee728b)  -> (artifact id: '232997d3ff4f2124bd89b6ea97e6fd17') in 0.074737 seconds 
  Import took 0.079766 seconds .

========================================================================
Received Import Request.
  Time since last request: 0.000278 seconds.
  path: Assets/Materials/naturePack_099.obj
  artifactKey: Guid(40c9b02dbc8ba394dbf7826b73f06f4c) Importer(815301076,1909f56bfc062723c751e8b465ee728b)
Start importing Assets/Materials/naturePack_099.obj using Guid(40c9b02dbc8ba394dbf7826b73f06f4c) Importer(815301076,1909f56bfc062723c751e8b465ee728b)  -> (artifact id: '14a49540f792d729b7a833719f909828') in 0.101651 seconds 
  Import took 0.107413 seconds .

========================================================================
Received Import Request.
  Time since last request: 0.000341 seconds.
  path: Assets/Materials/naturePack_098.obj
  artifactKey: Guid(e1fe367393d667c47a5fa7af6a8c209f) Importer(815301076,1909f56bfc062723c751e8b465ee728b)
Start importing Assets/Materials/naturePack_098.obj using Guid(e1fe367393d667c47a5fa7af6a8c209f) Importer(815301076,1909f56bfc062723c751e8b465ee728b)  -> (artifact id: '3d796086c79b44b7aefcf1d49fc261a6') in 0.081802 seconds 
  Import took 0.085513 seconds .

========================================================================
Received Import Request.
  Time since last request: 0.000202 seconds.
  path: Assets/Materials/naturePack_156.obj
  artifactKey: Guid(3bdc20c7a63d14543b273ebbff7c5b5b) Importer(815301076,1909f56bfc062723c751e8b465ee728b)
Start importing Assets/Materials/naturePack_156.obj using Guid(3bdc20c7a63d14543b273ebbff7c5b5b) Importer(815301076,1909f56bfc062723c751e8b465ee728b)  -> (artifact id: 'c100b411f71c4f0653cdc568f4a39f94') in 0.069634 seconds 
  Import took 0.074699 seconds .

========================================================================
Received Import Request.
  Time since last request: 0.000267 seconds.
  path: Assets/Materials/naturePack_172.obj
  artifactKey: Guid(e6db3588970cdb44f882b46a1b794db9) Importer(815301076,1909f56bfc062723c751e8b465ee728b)
Start importing Assets/Materials/naturePack_172.obj using Guid(e6db3588970cdb44f882b46a1b794db9) Importer(815301076,1909f56bfc062723c751e8b465ee728b)  -> (artifact id: 'e32aa9f63cb07e39f6b10b7f016c3730') in 0.068029 seconds 
  Import took 0.073506 seconds .

========================================================================
Received Import Request.
  Time since last request: 0.000305 seconds.
  path: Assets/Materials/naturePack_159.obj
  artifactKey: Guid(7234bd40c31db1940970e5d0d2ca19f4) Importer(815301076,1909f56bfc062723c751e8b465ee728b)
Start importing Assets/Materials/naturePack_159.obj using Guid(7234bd40c31db1940970e5d0d2ca19f4) Importer(815301076,1909f56bfc062723c751e8b465ee728b)  -> (artifact id: 'a72838517760ec6bf90bb03433b67800') in 0.085874 seconds 
  Import took 0.094558 seconds .

========================================================================
Received Import Request.
  Time since last request: 0.000478 seconds.
  path: Assets/Materials/naturePack_172.obj
  artifactKey: Guid(e6db3588970cdb44f882b46a1b794db9) Importer(815301076,1909f56bfc062723c751e8b465ee728b)
Start importing Assets/Materials/naturePack_172.obj using Guid(e6db3588970cdb44f882b46a1b794db9) Importer(815301076,1909f56bfc062723c751e8b465ee728b)  -> (artifact id: 'e32aa9f63cb07e39f6b10b7f016c3730') in 0.075869 seconds 
  Import took 0.082758 seconds .

========================================================================
Received Import Request.
  Time since last request: 0.000665 seconds.
  path: Assets/Materials/naturePack_087.obj
  artifactKey: Guid(810bbeef8e0677c4d922d248b3c1bf0e) Importer(815301076,1909f56bfc062723c751e8b465ee728b)
Start importing Assets/Materials/naturePack_087.obj using Guid(810bbeef8e0677c4d922d248b3c1bf0e) Importer(815301076,1909f56bfc062723c751e8b465ee728b)  -> (artifact id: 'b55f6f9dd3e458b39178d47e58774bf5') in 0.079800 seconds 
  Import took 0.084190 seconds .

========================================================================
Received Import Request.
  Time since last request: 0.000357 seconds.
  path: Assets/Materials/naturePack_144.obj
  artifactKey: Guid(b867ce1bf761d1c49b23d9e321a86dc3) Importer(815301076,1909f56bfc062723c751e8b465ee728b)
Start importing Assets/Materials/naturePack_144.obj using Guid(b867ce1bf761d1c49b23d9e321a86dc3) Importer(815301076,1909f56bfc062723c751e8b465ee728b)  -> (artifact id: '940b48ea81f982d542392758b656fe94') in 0.105102 seconds 
  Import took 0.109127 seconds .

========================================================================
Received Import Request.
  Time since last request: 0.000246 seconds.
  path: Assets/Materials/naturePack_148.obj
  artifactKey: Guid(91014b561178eae42939f86202e1e995) Importer(815301076,1909f56bfc062723c751e8b465ee728b)
Start importing Assets/Materials/naturePack_148.obj using Guid(91014b561178eae42939f86202e1e995) Importer(815301076,1909f56bfc062723c751e8b465ee728b)  -> (artifact id: 'b610cf5452e0386bcdeacbe6c6f9bc62') in 0.084800 seconds 
  Import took 0.088563 seconds .

========================================================================
Received Import Request.
  Time since last request: 0.000339 seconds.
  path: Assets/Materials/naturePack_115.obj
  artifactKey: Guid(61cf4bdcadc9eb44fbd9fabce08ad0f9) Importer(815301076,1909f56bfc062723c751e8b465ee728b)
Start importing Assets/Materials/naturePack_115.obj using Guid(61cf4bdcadc9eb44fbd9fabce08ad0f9) Importer(815301076,1909f56bfc062723c751e8b465ee728b)  -> (artifact id: '1621a95e6083768bb44ed8494b366f2d') in 0.072844 seconds 
  Import took 0.076211 seconds .

========================================================================
Received Import Request.
  Time since last request: 0.000211 seconds.
  path: Assets/Materials/naturePack_101.obj
  artifactKey: Guid(53087a03f10e0514e8d92c89f0631ce0) Importer(815301076,1909f56bfc062723c751e8b465ee728b)
Start importing Assets/Materials/naturePack_101.obj using Guid(53087a03f10e0514e8d92c89f0631ce0) Importer(815301076,1909f56bfc062723c751e8b465ee728b)  -> (artifact id: 'd4fd5af567dbced3227f6478b28b630a') in 0.084654 seconds 
  Import took 0.089084 seconds .

========================================================================
Received Import Request.
  Time since last request: 0.150451 seconds.
  path: Assets/Materials/naturePack_121.obj
  artifactKey: Guid(090fb537c470ade42889a7b19250d2fd) Importer(815301076,1909f56bfc062723c751e8b465ee728b)
Start importing Assets/Materials/naturePack_121.obj using Guid(090fb537c470ade42889a7b19250d2fd) Importer(815301076,1909f56bfc062723c751e8b465ee728b)  -> (artifact id: '5ea1df533198679bfac2e562940ce802') in 0.067336 seconds 
  Import took 0.072702 seconds .

========================================================================
Received Import Request.
  Time since last request: 0.000402 seconds.
  path: Assets/Materials/naturePack_122.obj
  artifactKey: Guid(0f064fd0acbfc174d959908fcc62a62b) Importer(815301076,1909f56bfc062723c751e8b465ee728b)
Start importing Assets/Materials/naturePack_122.obj using Guid(0f064fd0acbfc174d959908fcc62a62b) Importer(815301076,1909f56bfc062723c751e8b465ee728b)  -> (artifact id: '935e8ab00465be79f742eca0df067320') in 0.092196 seconds 
  Import took 0.097679 seconds .

========================================================================
Received Import Request.
  Time since last request: 0.000355 seconds.
  path: Assets/Materials/naturePack_123.obj
  artifactKey: Guid(61840d6c975cf3b44bcd726ba33f67b3) Importer(815301076,1909f56bfc062723c751e8b465ee728b)
Start importing Assets/Materials/naturePack_123.obj using Guid(61840d6c975cf3b44bcd726ba33f67b3) Importer(815301076,1909f56bfc062723c751e8b465ee728b)  -> (artifact id: '9febe1b449c21bc7753fa81ef1c985e9') in 0.070408 seconds 
  Import took 0.075868 seconds .

========================================================================
Received Import Request.
  Time since last request: 0.000493 seconds.
  path: Assets/Materials/naturePack_124.obj
  artifactKey: Guid(123d882d93c2fb34c88ec2f3c79943c2) Importer(815301076,1909f56bfc062723c751e8b465ee728b)
Start importing Assets/Materials/naturePack_124.obj using Guid(123d882d93c2fb34c88ec2f3c79943c2) Importer(815301076,1909f56bfc062723c751e8b465ee728b)  -> (artifact id: '196bb408cc188fe831edd3d1e108da20') in 0.072496 seconds 
  Import took 0.077951 seconds .

========================================================================
Received Import Request.
  Time since last request: 0.127479 seconds.
  path: Assets/Materials/naturePack_128.obj
  artifactKey: Guid(a7d7c6ac91111584aa3af753c5d3c191) Importer(815301076,1909f56bfc062723c751e8b465ee728b)
Start importing Assets/Materials/naturePack_128.obj using Guid(a7d7c6ac91111584aa3af753c5d3c191) Importer(815301076,1909f56bfc062723c751e8b465ee728b)  -> (artifact id: 'cff8e64a7b4f222fcbd4492ce5257aa9') in 0.059062 seconds 
  Import took 0.065292 seconds .

========================================================================
Received Import Request.
  Time since last request: 110.917719 seconds.
  path: Assets/Models/ty.fbx
  artifactKey: Guid(bbb56aa14875dfa4faf52f8f2883bbe8) Importer(815301076,1909f56bfc062723c751e8b465ee728b)
Start importing Assets/Models/ty.fbx using Guid(bbb56aa14875dfa4faf52f8f2883bbe8) Importer(815301076,1909f56bfc062723c751e8b465ee728b)  -> (artifact id: 'b742420cfcb0d702d3886c13844328b3') in 0.242207 seconds 
  Import took 0.252107 seconds .

========================================================================
Received Import Request.
  Time since last request: 20.441497 seconds.
  path: Assets/Models/ty.fbx
  artifactKey: Guid(bbb56aa14875dfa4faf52f8f2883bbe8) Importer(815301076,1909f56bfc062723c751e8b465ee728b)
Start importing Assets/Models/ty.fbx using Guid(bbb56aa14875dfa4faf52f8f2883bbe8) Importer(815301076,1909f56bfc062723c751e8b465ee728b)  -> (artifact id: '3b7a335bff6c00f67b3ef73ece5400e7') in 0.140728 seconds 
  Import took 0.149134 seconds .

========================================================================
Received Prepare
Registering precompiled user dll's ...
Registered in 0.115317 seconds.
Begin MonoManager ReloadAssembly
Native extension for LinuxStandalone target not found
Native extension for WindowsStandalone target not found
Native extension for OSXStandalone target not found
Native extension for WebGL target not found
Refreshing native plugins compatible for Editor in 0.54 ms, found 2 plugins.
Preloading 0 native plugins for Editor in 0.00 ms.
Mono: successfully reloaded assembly
- Completed reload, in  1.200 seconds
Domain Reload Profiling:
	ReloadAssembly (1200ms)
		BeginReloadAssembly (98ms)
			ExecutionOrderSort (0ms)
			DisableScriptedObjects (3ms)
			BackupInstance (0ms)
			ReleaseScriptingObjects (0ms)
			CreateAndSetChildDomain (34ms)
		EndReloadAssembly (1041ms)
			LoadAssemblies (79ms)
			RebuildTransferFunctionScriptingTraits (0ms)
			SetupTypeCache (356ms)
			ReleaseScriptCaches (1ms)
			RebuildScriptCaches (45ms)
			SetupLoadedEditorAssemblies (462ms)
				LogAssemblyErrors (0ms)
				InitializePlatformSupportModulesInManaged (9ms)
				SetLoadedEditorAssemblies (0ms)
				RefreshPlugins (1ms)
				BeforeProcessingInitializeOnLoad (95ms)
				ProcessInitializeOnLoadAttributes (348ms)
				ProcessInitializeOnLoadMethodAttributes (4ms)
				AfterProcessingInitializeOnLoad (6ms)
				EditorAssembliesLoaded (0ms)
			ExecutionOrderSort2 (0ms)
			AwakeInstancesAfterBackupRestoration (6ms)
Platform modules already initialized, skipping
Refreshing native plugins compatible for Editor in 0.52 ms, found 2 plugins.
Preloading 0 native plugins for Editor in 0.00 ms.
Unloading 1592 Unused Serialized files (Serialized files now loaded: 0)
System memory in use before: 90.5 MB.
System memory in use after: 90.6 MB.

Unloading 14 unused Assets to reduce memory usage. Loaded Objects now: 2098.
Total: 2.517400 ms (FindLiveObjects: 0.245200 ms CreateObjectMapping: 0.076000 ms MarkObjects: 2.169900 ms  DeleteObjects: 0.024300 ms)

AssetImportParameters requested are different than current active one (requested -> active):
  custom:framework-win-MediaFoundation: 216162199b28c13a410421893ffa2e32 -> 
  custom:video-decoder-ogg-theora: a1e56fd34408186e4bbccfd4996cb3dc -> 
  custom:container-muxer-webm: aa71ff27fc2769a1b78a27578f13a17b -> 
  custom:container-demuxer-webm: 4f35f7cbe854078d1ac9338744f61a02 -> 
  custom:container-demuxer-ogg: 62fdf1f143b41e24485cea50d1cbac27 -> 
  custom:video-encoder-webm-vp8: eb34c28f22e8b96e1ab97ce403110664 -> 
  custom:video-codec-MediaFoundation-h265: 746d11721c4dcdbdad8f713fa42b33f4 -> 
  custom:video-decoder-webm-vp8: 9c59270c3fd7afecdb556c50c9e8de78 -> 
  custom:audio-decoder-ogg-vorbis: bf7c407c2cedff20999df2af8eb42d56 -> 
  custom:audio-encoder-webm-vorbis: bf7c407c2cedff20999df2af8eb42d56 -> 
AssetImportWorkerClient::OnTransportError - code=2 error=End of file
