Using pre-set license
Built from '2021.2/release' branch; Version is '2021.2.0f1 (4bf1ec4b23c9) revision 4977132'; Using compiler version '192829333'; Build Type 'Release'
OS: 'Windows 10 Home; OS build 19042.1288; Version 2009; 64bit' Language: 'en' Physical Memory: 15742 MB
BatchMode: 1, IsHumanControllingUs: 0, StartBugReporterOnCrash: 0, Is64bit: 1, IsPro: 0

COMMAND LINE ARGUMENTS:
C:\Program Files\Unity\Hub\Editor\2021.2.0f1\Editor\Unity.exe
-adb2
-batchMode
-noUpm
-name
AssetImportWorker1
-projectPath
C:/Users/HLR85/Holberton/holbertonschool-unity/0x00-unity-ar_business_card
-logFile
Logs/AssetImportWorker1.log
-srvPort
59692
Successfully changed project path to: C:/Users/HLR85/Holberton/holbertonschool-unity/0x00-unity-ar_business_card
C:/Users/HLR85/Holberton/holbertonschool-unity/0x00-unity-ar_business_card
[UnityMemory] Configuration Parameters - Can be set up in boot.config
    "memorysetup-bucket-allocator-granularity=16"
    "memorysetup-bucket-allocator-bucket-count=8"
    "memorysetup-bucket-allocator-block-size=33554432"
    "memorysetup-bucket-allocator-block-count=8"
    "memorysetup-main-allocator-block-size=16777216"
    "memorysetup-thread-allocator-block-size=16777216"
    "memorysetup-gfx-main-allocator-block-size=16777216"
    "memorysetup-gfx-thread-allocator-block-size=16777216"
    "memorysetup-cache-allocator-block-size=4194304"
    "memorysetup-typetree-allocator-block-size=2097152"
    "memorysetup-profiler-bucket-allocator-granularity=16"
    "memorysetup-profiler-bucket-allocator-bucket-count=8"
    "memorysetup-profiler-bucket-allocator-block-size=33554432"
    "memorysetup-profiler-bucket-allocator-block-count=8"
    "memorysetup-profiler-allocator-block-size=16777216"
    "memorysetup-profiler-editor-allocator-block-size=1048576"
    "memorysetup-temp-allocator-size-main=16777216"
    "memorysetup-job-temp-allocator-block-size=2097152"
    "memorysetup-job-temp-allocator-block-size-background=1048576"
    "memorysetup-job-temp-allocator-reduction-small-platforms=262144"
    "memorysetup-temp-allocator-size-background-worker=32768"
    "memorysetup-temp-allocator-size-job-worker=262144"
    "memorysetup-temp-allocator-size-preload-manager=33554432"
    "memorysetup-temp-allocator-size-nav-mesh-worker=65536"
    "memorysetup-temp-allocator-size-audio-worker=65536"
    "memorysetup-temp-allocator-size-cloud-worker=32768"
    "memorysetup-temp-allocator-size-gi-baking-worker=262144"
    "memorysetup-temp-allocator-size-gfx=262144"
Refreshing native plugins compatible for Editor in 206.77 ms, found 6 plugins.
Preloading 2 native plugins for Editor in 1.88 ms.
Initialize engine version: 2021.2.0f1 (4bf1ec4b23c9)
[Subsystems] Discovering subsystems at path C:/Program Files/Unity/Hub/Editor/2021.2.0f1/Editor/Data/Resources/UnitySubsystems
[Subsystems] Discovering subsystems at path C:/Users/HLR85/Holberton/holbertonschool-unity/0x00-unity-ar_business_card/Assets
GfxDevice: creating device client; threaded=0; jobified=0
Direct3D:
    Version:  Direct3D 11.0 [level 11.1]
    Renderer: AMD Radeon(TM) Graphics (ID=0x1636)
    Vendor:   ATI
    VRAM:     7871 MB
    Driver:   27.20.11044.4003
Initialize mono
Mono path[0] = 'C:/Program Files/Unity/Hub/Editor/2021.2.0f1/Editor/Data/Managed'
Mono path[1] = 'C:/Program Files/Unity/Hub/Editor/2021.2.0f1/Editor/Data/MonoBleedingEdge/lib/mono/unityjit-win32'
Mono config path = 'C:/Program Files/Unity/Hub/Editor/2021.2.0f1/Editor/Data/MonoBleedingEdge/etc'
Using monoOptions --debugger-agent=transport=dt_socket,embedding=1,server=y,suspend=n,address=127.0.0.1:56820
Begin MonoManager ReloadAssembly
Registering precompiled unity dll's ...
Register platform support module: C:/Program Files/Unity/Hub/Editor/2021.2.0f1/Editor/Data/PlaybackEngines/WebGLSupport/UnityEditor.WebGL.Extensions.dll
Register platform support module: C:/Program Files/Unity/Hub/Editor/2021.2.0f1/Editor/Data/PlaybackEngines/WindowsStandaloneSupport/UnityEditor.WindowsStandalone.Extensions.dll
Register platform support module: C:/Program Files/Unity/Hub/Editor/2021.2.0f1/Editor/Data/PlaybackEngines/LinuxStandaloneSupport/UnityEditor.LinuxStandalone.Extensions.dll
Registered in 0.014239 seconds.
Native extension for LinuxStandalone target not found
Native extension for WindowsStandalone target not found
Native extension for WebGL target not found
Refreshing native plugins compatible for Editor in 110.37 ms, found 6 plugins.
Preloading 2 native plugins for Editor in 0.17 ms.
Mono: successfully reloaded assembly
- Completed reload, in  1.278 seconds
Domain Reload Profiling:
	ReloadAssembly (1278ms)
		BeginReloadAssembly (115ms)
			ExecutionOrderSort (0ms)
			DisableScriptedObjects (0ms)
			BackupInstance (0ms)
			ReleaseScriptingObjects (0ms)
			CreateAndSetChildDomain (1ms)
		EndReloadAssembly (673ms)
			LoadAssemblies (110ms)
			RebuildTransferFunctionScriptingTraits (0ms)
			SetupTypeCache (148ms)
			ReleaseScriptCaches (0ms)
			RebuildScriptCaches (43ms)
			SetupLoadedEditorAssemblies (408ms)
				LogAssemblyErrors (0ms)
				InitializePlatformSupportModulesInManaged (15ms)
				SetLoadedEditorAssemblies (0ms)
				RefreshPlugins (111ms)
				BeforeProcessingInitializeOnLoad (3ms)
				ProcessInitializeOnLoadAttributes (214ms)
				ProcessInitializeOnLoadMethodAttributes (65ms)
				AfterProcessingInitializeOnLoad (0ms)
				EditorAssembliesLoaded (0ms)
			ExecutionOrderSort2 (0ms)
			AwakeInstancesAfterBackupRestoration (0ms)
Platform modules already initialized, skipping
Registering precompiled user dll's ...
Registered in 0.013818 seconds.
Begin MonoManager ReloadAssembly
Symbol file LoadedFromMemory doesn't match image C:\Users\HLR85\Holberton\holbertonschool-unity\0x00-unity-ar_business_card\Library\PackageCache\com.unity.visualscripting@1.7.2\Editor\VisualScripting.Core\Dependencies\DotNetZip\Unity.VisualScripting.IonicZip.dll
Symbol file LoadedFromMemory doesn't match image C:\Users\HLR85\Holberton\holbertonschool-unity\0x00-unity-ar_business_card\Library\PackageCache\com.unity.visualscripting@1.7.2\Editor\VisualScripting.Core\Dependencies\YamlDotNet\Unity.VisualScripting.YamlDotNet.dll
Native extension for LinuxStandalone target not found
Native extension for WindowsStandalone target not found
Native extension for WebGL target not found
Refreshing native plugins compatible for Editor in 1.22 ms, found 6 plugins.
Preloading 2 native plugins for Editor in 0.22 ms.
Package Manager log level set to [2]
[Package Manager] Server::Start -- Port 64308 was selected
[Package Manager] Cannot connect to Unity Package Manager local server
System.NullReferenceException: Object reference not set to an instance of an object
  at Vuforia.EditorClasses.ExtensionTypeProvider.GetVuforiaPackageAbsPath () [0x0004a] in <67f168408fbf4fce9c04342c093e9fe7>:0 
  at Vuforia.EditorClasses.ExtensionTypeProvider.IsPackageManager () [0x00000] in <67f168408fbf4fce9c04342c093e9fe7>:0 
  at Vuforia.EditorClasses.ExtensionTypeProvider.ResolvePluginType () [0x00009] in <67f168408fbf4fce9c04342c093e9fe7>:0 
  at Vuforia.EditorClasses.ExtensionTypeProvider.GetPluginType () [0x0000c] in <67f168408fbf4fce9c04342c093e9fe7>:0 
  at Vuforia.EditorClasses.VuforiaUtilities.IsVuforiaEnabledInPlayerSettings () [0x00000] in <67f168408fbf4fce9c04342c093e9fe7>:0 
  at VuforiaEnabledObserver..cctor () [0x00000] in <67f168408fbf4fce9c04342c093e9fe7>:0 
UnityEngine.StackTraceUtility:ExtractStackTrace ()
UnityEngine.DebugLogHandler:LogFormat (UnityEngine.LogType,UnityEngine.Object,string,object[])
UnityEngine.Logger:Log (UnityEngine.LogType,object)
UnityEngine.Debug:LogError (object)
UnityEditor.EditorAssemblies:ProcessInitializeOnLoadAttributes (System.Type[])

Mono: successfully reloaded assembly
- Completed reload, in  5.647 seconds
Domain Reload Profiling:
	ReloadAssembly (5655ms)
		BeginReloadAssembly (293ms)
			ExecutionOrderSort (0ms)
			DisableScriptedObjects (8ms)
			BackupInstance (0ms)
			ReleaseScriptingObjects (0ms)
			CreateAndSetChildDomain (41ms)
		EndReloadAssembly (5231ms)
			LoadAssemblies (140ms)
			RebuildTransferFunctionScriptingTraits (0ms)
			SetupTypeCache (351ms)
			ReleaseScriptCaches (1ms)
			RebuildScriptCaches (69ms)
			SetupLoadedEditorAssemblies (4543ms)
				LogAssemblyErrors (0ms)
				InitializePlatformSupportModulesInManaged (21ms)
				SetLoadedEditorAssemblies (1ms)
				RefreshPlugins (2ms)
				BeforeProcessingInitializeOnLoad (96ms)
				ProcessInitializeOnLoadAttributes (4341ms)
				ProcessInitializeOnLoadMethodAttributes (68ms)
				AfterProcessingInitializeOnLoad (14ms)
				EditorAssembliesLoaded (0ms)
			ExecutionOrderSort2 (0ms)
			AwakeInstancesAfterBackupRestoration (17ms)
Platform modules already initialized, skipping
========================================================================
Worker process is ready to serve import requests
Launched and connected shader compiler UnityShaderCompiler.exe after 0.15 seconds
Refreshing native plugins compatible for Editor in 1.30 ms, found 6 plugins.
Preloading 2 native plugins for Editor in 0.17 ms.
Unloading 3129 Unused Serialized files (Serialized files now loaded: 0)
Unloading 51 unused Assets / (66.1 KB). Loaded Objects now: 3853.
Memory consumption went from 117.4 MB to 117.3 MB.
Total: 4.504600 ms (FindLiveObjects: 0.370400 ms CreateObjectMapping: 0.103100 ms MarkObjects: 3.908300 ms  DeleteObjects: 0.121000 ms)

AssetImportParameters requested are different than current active one (requested -> active):
  custom:video-decoder-ogg-theora: a1e56fd34408186e4bbccfd4996cb3dc -> 
  custom:container-muxer-webm: aa71ff27fc2769a1b78a27578f13a17b -> 
  custom:container-demuxer-webm: 4f35f7cbe854078d1ac9338744f61a02 -> 
  custom:video-encoder-webm-vp8: eb34c28f22e8b96e1ab97ce403110664 -> 
  custom:video-codec-MediaFoundation-h265: 746d11721c4dcdbdad8f713fa42b33f4 -> 
  custom:audio-encoder-webm-vorbis: bf7c407c2cedff20999df2af8eb42d56 -> 
  custom:framework-win-MediaFoundation: 216162199b28c13a410421893ffa2e32 -> 
  custom:container-demuxer-ogg: 62fdf1f143b41e24485cea50d1cbac27 -> 
  custom:video-decoder-webm-vp8: 9c59270c3fd7afecdb556c50c9e8de78 -> 
  custom:audio-decoder-ogg-vorbis: bf7c407c2cedff20999df2af8eb42d56 -> 
========================================================================
Received Import Request.
  Time since last request: 501171.964744 seconds.
  path: Assets/Scenes/ARBusinessCard.unity
  artifactKey: Guid(9fc0d4010bbf28b4594072e72b8655ab) Importer(815301076,1909f56bfc062723c751e8b465ee728b)
Start importing Assets/Scenes/ARBusinessCard.unity using Guid(9fc0d4010bbf28b4594072e72b8655ab) Importer(815301076,1909f56bfc062723c751e8b465ee728b)  -> (artifact id: '3b58ae2db08176da099c8a3eb861b2b0') in 0.035068 seconds 
========================================================================
Received Import Request.
  Time since last request: 631.618207 seconds.
  path: Assets/Resources/VuforiaConfiguration.asset
  artifactKey: Guid(0c23cf3b89f9807429ad68244623eb2b) Importer(815301076,1909f56bfc062723c751e8b465ee728b)
Start importing Assets/Resources/VuforiaConfiguration.asset using Guid(0c23cf3b89f9807429ad68244623eb2b) Importer(815301076,1909f56bfc062723c751e8b465ee728b)  -> (artifact id: '7c47e1fa3f9d2371be43be873f21f55e') in 0.053678 seconds 
========================================================================
Received Prepare
Registering precompiled user dll's ...
Registered in 0.015758 seconds.
Begin MonoManager ReloadAssembly
Symbol file LoadedFromMemory doesn't match image C:\Users\HLR85\Holberton\holbertonschool-unity\0x00-unity-ar_business_card\Library\PackageCache\com.unity.visualscripting@1.7.2\Editor\VisualScripting.Core\Dependencies\DotNetZip\Unity.VisualScripting.IonicZip.dll
Symbol file LoadedFromMemory doesn't match image C:\Users\HLR85\Holberton\holbertonschool-unity\0x00-unity-ar_business_card\Library\PackageCache\com.unity.visualscripting@1.7.2\Editor\VisualScripting.Core\Dependencies\YamlDotNet\Unity.VisualScripting.YamlDotNet.dll
Native extension for LinuxStandalone target not found
Native extension for WindowsStandalone target not found
Native extension for WebGL target not found
Refreshing native plugins compatible for Editor in 1.35 ms, found 6 plugins.
Preloading 2 native plugins for Editor in 0.23 ms.
Mono: successfully reloaded assembly
- Completed reload, in  3.107 seconds
Domain Reload Profiling:
	ReloadAssembly (3108ms)
		BeginReloadAssembly (233ms)
			ExecutionOrderSort (0ms)
			DisableScriptedObjects (6ms)
			BackupInstance (0ms)
			ReleaseScriptingObjects (0ms)
			CreateAndSetChildDomain (90ms)
		EndReloadAssembly (2743ms)
			LoadAssemblies (118ms)
			RebuildTransferFunctionScriptingTraits (0ms)
			SetupTypeCache (378ms)
			ReleaseScriptCaches (2ms)
			RebuildScriptCaches (66ms)
			SetupLoadedEditorAssemblies (1955ms)
				LogAssemblyErrors (0ms)
				InitializePlatformSupportModulesInManaged (35ms)
				SetLoadedEditorAssemblies (1ms)
				RefreshPlugins (2ms)
				BeforeProcessingInitializeOnLoad (235ms)
				ProcessInitializeOnLoadAttributes (1614ms)
				ProcessInitializeOnLoadMethodAttributes (50ms)
				AfterProcessingInitializeOnLoad (17ms)
				EditorAssembliesLoaded (1ms)
			ExecutionOrderSort2 (0ms)
			AwakeInstancesAfterBackupRestoration (18ms)
Platform modules already initialized, skipping
Refreshing native plugins compatible for Editor in 1.95 ms, found 6 plugins.
Preloading 2 native plugins for Editor in 0.32 ms.
Unloading 3112 Unused Serialized files (Serialized files now loaded: 0)
Unloading 47 unused Assets / (58.8 KB). Loaded Objects now: 3855.
Memory consumption went from 116.1 MB to 116.0 MB.
Total: 6.467200 ms (FindLiveObjects: 0.625200 ms CreateObjectMapping: 0.256600 ms MarkObjects: 5.142500 ms  DeleteObjects: 0.438400 ms)

AssetImportParameters requested are different than current active one (requested -> active):
  custom:video-decoder-ogg-theora: a1e56fd34408186e4bbccfd4996cb3dc -> 
  custom:container-muxer-webm: aa71ff27fc2769a1b78a27578f13a17b -> 
  custom:container-demuxer-webm: 4f35f7cbe854078d1ac9338744f61a02 -> 
  custom:video-encoder-webm-vp8: eb34c28f22e8b96e1ab97ce403110664 -> 
  custom:video-codec-MediaFoundation-h265: 746d11721c4dcdbdad8f713fa42b33f4 -> 
  custom:audio-encoder-webm-vorbis: bf7c407c2cedff20999df2af8eb42d56 -> 
  custom:framework-win-MediaFoundation: 216162199b28c13a410421893ffa2e32 -> 
  custom:container-demuxer-ogg: 62fdf1f143b41e24485cea50d1cbac27 -> 
  custom:video-decoder-webm-vp8: 9c59270c3fd7afecdb556c50c9e8de78 -> 
  custom:audio-decoder-ogg-vorbis: bf7c407c2cedff20999df2af8eb42d56 -> 
========================================================================
Received Import Request.
  Time since last request: 1569.925316 seconds.
  path: Assets/Resources/VuforiaConfiguration.asset
  artifactKey: Guid(0c23cf3b89f9807429ad68244623eb2b) Importer(815301076,1909f56bfc062723c751e8b465ee728b)
Start importing Assets/Resources/VuforiaConfiguration.asset using Guid(0c23cf3b89f9807429ad68244623eb2b) Importer(815301076,1909f56bfc062723c751e8b465ee728b)  -> (artifact id: 'ea4f9091a4f2acdaaadfd56511d4bc6e') in 0.064173 seconds 
========================================================================
Received Import Request.
  Time since last request: 8072.420128 seconds.
  path: Assets/Images/AR_Card.unitypackage
  artifactKey: Guid(5a10a0ee326ca00459ef2976c7e6fcca) Importer(815301076,1909f56bfc062723c751e8b465ee728b)
Start importing Assets/Images/AR_Card.unitypackage using Guid(5a10a0ee326ca00459ef2976c7e6fcca) Importer(815301076,1909f56bfc062723c751e8b465ee728b)  -> (artifact id: 'a6f14200d99746296cc032c852384266') in 0.050850 seconds 
========================================================================
Received Import Request.
  Time since last request: 510.305848 seconds.
  path: Packages/com.ptc.vuforia.engine/Vuforia/Shaders/VuforiaVB_RGB.cginc
  artifactKey: Guid(2ad47d0e0862d6148a08774c4e401811) Importer(815301076,1909f56bfc062723c751e8b465ee728b)
Start importing Packages/com.ptc.vuforia.engine/Vuforia/Shaders/VuforiaVB_RGB.cginc using Guid(2ad47d0e0862d6148a08774c4e401811) Importer(815301076,1909f56bfc062723c751e8b465ee728b)  -> (artifact id: 'dcbbf92727694f4f346bec07a4d9b0d4') in 0.025757 seconds 
========================================================================
Received Import Request.
  Time since last request: 0.000041 seconds.
  path: Packages/com.ptc.vuforia.engine/Vuforia/Shaders/VuforiaVB_YUV420P_YUVYV12.cginc
  artifactKey: Guid(855135751abe3d04089dd309d8977df4) Importer(815301076,1909f56bfc062723c751e8b465ee728b)
Start importing Packages/com.ptc.vuforia.engine/Vuforia/Shaders/VuforiaVB_YUV420P_YUVYV12.cginc using Guid(855135751abe3d04089dd309d8977df4) Importer(815301076,1909f56bfc062723c751e8b465ee728b)  -> (artifact id: 'f28e9bfc059bd534b4aa257314efa630') in 0.019313 seconds 
========================================================================
Received Import Request.
  Time since last request: 0.000035 seconds.
  path: Packages/com.ptc.vuforia.engine/Vuforia/Shaders/VuforiaVB_YUVNV12_YUVNV21.cginc
  artifactKey: Guid(43f394421858c3842a9d73b264c80b87) Importer(815301076,1909f56bfc062723c751e8b465ee728b)
Start importing Packages/com.ptc.vuforia.engine/Vuforia/Shaders/VuforiaVB_YUVNV12_YUVNV21.cginc using Guid(43f394421858c3842a9d73b264c80b87) Importer(815301076,1909f56bfc062723c751e8b465ee728b)  -> (artifact id: 'dff1504c796df7292c8cf8bb62389ce1') in 0.019358 seconds 
========================================================================
Received Import Request.
  Time since last request: 0.000079 seconds.
  path: Packages/com.ptc.vuforia.engine/Vuforia/Shaders/VuforiaVideoBackground.cginc
  artifactKey: Guid(b45a2e38fc69fd440b7fa56ebfb18dfc) Importer(815301076,1909f56bfc062723c751e8b465ee728b)
Start importing Packages/com.ptc.vuforia.engine/Vuforia/Shaders/VuforiaVideoBackground.cginc using Guid(b45a2e38fc69fd440b7fa56ebfb18dfc) Importer(815301076,1909f56bfc062723c751e8b465ee728b)  -> (artifact id: 'd1dabbe08842847b7d57488fb6a1ba07') in 0.020214 seconds 
========================================================================
Received Import Request.
  Time since last request: 20.315773 seconds.
  path: Packages/com.ptc.vuforia.engine/Vuforia/Shaders/VideoBackground.shader
  artifactKey: Guid(f40623b353e2f1943b1b3ba42975db7a) Importer(815301076,1909f56bfc062723c751e8b465ee728b)
Start importing Packages/com.ptc.vuforia.engine/Vuforia/Shaders/VideoBackground.shader using Guid(f40623b353e2f1943b1b3ba42975db7a) Importer(815301076,1909f56bfc062723c751e8b465ee728b)  -> (artifact id: 'b9a4937065b9c2d442f785addf2a2b7b') in 0.012736 seconds 
========================================================================
Received Import Request.
  Time since last request: 21.146364 seconds.
  path: Packages/com.ptc.vuforia.engine/package.json
  artifactKey: Guid(c0e3d889c2a8e4409a9be4e7899d2b51) Importer(815301076,1909f56bfc062723c751e8b465ee728b)
Start importing Packages/com.ptc.vuforia.engine/package.json using Guid(c0e3d889c2a8e4409a9be4e7899d2b51) Importer(815301076,1909f56bfc062723c751e8b465ee728b)  -> (artifact id: 'd79e200b0bcff2a0a130019df670491d') in 0.019049 seconds 
========================================================================
Received Import Request.
  Time since last request: 0.000019 seconds.
  path: Packages/com.ptc.vuforia.engine/readme-add-package-via-git-url-reference-image.png
  artifactKey: Guid(750cc6e77aa924340bf2262e41b7b3b2) Importer(815301076,1909f56bfc062723c751e8b465ee728b)
Start importing Packages/com.ptc.vuforia.engine/readme-add-package-via-git-url-reference-image.png using Guid(750cc6e77aa924340bf2262e41b7b3b2) Importer(815301076,1909f56bfc062723c751e8b465ee728b)  -> (artifact id: '3ff6bb00d5ed60fd1e758d91d3b9e5c8') in 0.106851 seconds 
========================================================================
Received Import Request.
  Time since last request: 4.986185 seconds.
  path: Packages/com.ptc.vuforia.engine/Vuforia
  artifactKey: Guid(9cc7219dd8ba923418d1b45d8600186b) Importer(815301076,1909f56bfc062723c751e8b465ee728b)
Start importing Packages/com.ptc.vuforia.engine/Vuforia using Guid(9cc7219dd8ba923418d1b45d8600186b) Importer(815301076,1909f56bfc062723c751e8b465ee728b)  -> (artifact id: 'c89aa2b05402bd8aada10731181a082b') in 0.011222 seconds 
========================================================================
Received Import Request.
  Time since last request: 2.201734 seconds.
  path: Packages/com.ptc.vuforia.engine/Vuforia/Databases
  artifactKey: Guid(88d434469196e9e4d804d005fdd71bbc) Importer(815301076,1909f56bfc062723c751e8b465ee728b)
Start importing Packages/com.ptc.vuforia.engine/Vuforia/Databases using Guid(88d434469196e9e4d804d005fdd71bbc) Importer(815301076,1909f56bfc062723c751e8b465ee728b)  -> (artifact id: 'bfafafeef02b5ce3cb34ee1f88965000') in 0.012039 seconds 
========================================================================
Received Import Request.
  Time since last request: 11.130206 seconds.
  path: Assets/Editor/Vuforia
  artifactKey: Guid(6e0eee9e13b693a4f8ac0d9200dcbf59) Importer(815301076,1909f56bfc062723c751e8b465ee728b)
Start importing Assets/Editor/Vuforia using Guid(6e0eee9e13b693a4f8ac0d9200dcbf59) Importer(815301076,1909f56bfc062723c751e8b465ee728b)  -> (artifact id: '6eba6b903f07e631566b7f329a73abd2') in 0.003052 seconds 
========================================================================
Received Import Request.
  Time since last request: 1.555750 seconds.
  path: Assets/Editor/Vuforia/ImageTargetTextures
  artifactKey: Guid(c772619a54b1788418b9b5ace48462b2) Importer(815301076,1909f56bfc062723c751e8b465ee728b)
Start importing Assets/Editor/Vuforia/ImageTargetTextures using Guid(c772619a54b1788418b9b5ace48462b2) Importer(815301076,1909f56bfc062723c751e8b465ee728b)  -> (artifact id: '950c555b2ebea5a8a7e4baaa819111e4') in 0.008514 seconds 
========================================================================
Received Import Request.
  Time since last request: 0.905521 seconds.
  path: Assets/Editor/Vuforia/ImageTargetTextures/AR_Card
  artifactKey: Guid(8b7a64a2bec217f44b83c0ebc2dc698d) Importer(815301076,1909f56bfc062723c751e8b465ee728b)
Start importing Assets/Editor/Vuforia/ImageTargetTextures/AR_Card using Guid(8b7a64a2bec217f44b83c0ebc2dc698d) Importer(815301076,1909f56bfc062723c751e8b465ee728b)  -> (artifact id: 'a21464c9f38300ce53427d6c4d591d6c') in 0.003347 seconds 
========================================================================
Received Import Request.
  Time since last request: 0.091762 seconds.
  path: Assets/Editor/Vuforia/ImageTargetTextures/AR_Card/AR_BW_scaled.jpg
  artifactKey: Guid(5e984bd3a4c14e04a67173ca5d80ca1e) Importer(815301076,1909f56bfc062723c751e8b465ee728b)
Start importing Assets/Editor/Vuforia/ImageTargetTextures/AR_Card/AR_BW_scaled.jpg using Guid(5e984bd3a4c14e04a67173ca5d80ca1e) Importer(815301076,1909f56bfc062723c751e8b465ee728b)  -> (artifact id: 'f419e6b2e09228151b13abdeee0e6169') in 0.022120 seconds 
========================================================================
Received Import Request.
  Time since last request: 80935.310075 seconds.
  path: Assets/Images/instagram-icon.png
  artifactKey: Guid(3aeb5dfde90ecf047ad918a6db54bbc8) Importer(815301076,1909f56bfc062723c751e8b465ee728b)
Start importing Assets/Images/instagram-icon.png using Guid(3aeb5dfde90ecf047ad918a6db54bbc8) Importer(815301076,1909f56bfc062723c751e8b465ee728b)  -> (artifact id: '9484d391ec9156d545096854a601ce03') in 0.121552 seconds 
========================================================================
Received Import Request.
  Time since last request: 79.430310 seconds.
  path: Assets/Images/instagram-icon.jpg
  artifactKey: Guid(2d96178c977087543a72e0bbce1257c3) Importer(815301076,1909f56bfc062723c751e8b465ee728b)
Start importing Assets/Images/instagram-icon.jpg using Guid(2d96178c977087543a72e0bbce1257c3) Importer(815301076,1909f56bfc062723c751e8b465ee728b)  -> (artifact id: '266a27cbb885ec5de84f5caf440c007b') in 0.039298 seconds 
========================================================================
Received Import Request.
  Time since last request: 133.077496 seconds.
  path: Assets/Images/Twitter logo - blue.png
  artifactKey: Guid(8e7eb3ce83674014e9f6183f0c7028fe) Importer(815301076,1909f56bfc062723c751e8b465ee728b)
Start importing Assets/Images/Twitter logo - blue.png using Guid(8e7eb3ce83674014e9f6183f0c7028fe) Importer(815301076,1909f56bfc062723c751e8b465ee728b)  -> (artifact id: '57d2756aa6a2fecba52c44409367e81c') in 0.037579 seconds 
========================================================================
Received Import Request.
  Time since last request: 129.676686 seconds.
  path: Assets/Images/LI-In-Bug.png
  artifactKey: Guid(139d6491ed8317c44b293fd20bef0a69) Importer(815301076,1909f56bfc062723c751e8b465ee728b)
Start importing Assets/Images/LI-In-Bug.png using Guid(139d6491ed8317c44b293fd20bef0a69) Importer(815301076,1909f56bfc062723c751e8b465ee728b)  -> (artifact id: '73b80a32b1273886cdb4d22b95c259fb') in 0.048778 seconds 
========================================================================
Received Import Request.
  Time since last request: 188.080363 seconds.
  path: Assets/Images/gmail.png
  artifactKey: Guid(263cf9c8426cbbb4eacd61d6a08a70da) Importer(815301076,1909f56bfc062723c751e8b465ee728b)
Start importing Assets/Images/gmail.png using Guid(263cf9c8426cbbb4eacd61d6a08a70da) Importer(815301076,1909f56bfc062723c751e8b465ee728b)  -> (artifact id: '92461d553a75633438b3aaf385a0b281') in 0.040385 seconds 
========================================================================
Received Import Request.
  Time since last request: 3148.696799 seconds.
  path: Assets/Editor/Vuforia/ImageTargetTextures/AR_Card/AR_BWcard_scaled.jpg
  artifactKey: Guid(729232e967064298b7f99ac5543e6dd7) Importer(815301076,1909f56bfc062723c751e8b465ee728b)
Start importing Assets/Editor/Vuforia/ImageTargetTextures/AR_Card/AR_BWcard_scaled.jpg using Guid(729232e967064298b7f99ac5543e6dd7) Importer(815301076,1909f56bfc062723c751e8b465ee728b)  -> (artifact id: '6b3a9d79cfe97647ac86aadaa463cc2f') in 0.144351 seconds 
========================================================================
Received Import Request.
  Time since last request: 1464.685583 seconds.
  path: Assets/Images
  artifactKey: Guid(b36010288395d0946a1f24d1246ee966) Importer(815301076,1909f56bfc062723c751e8b465ee728b)
Start importing Assets/Images using Guid(b36010288395d0946a1f24d1246ee966) Importer(815301076,1909f56bfc062723c751e8b465ee728b)  -> (artifact id: '8c33929f067916a847941c9ecb17026f') in 0.028469 seconds 
========================================================================
Received Import Request.
  Time since last request: 3.251210 seconds.
  path: Assets/Images/AR_Card.unitypackage
  artifactKey: Guid(5a10a0ee326ca00459ef2976c7e6fcca) Importer(815301076,1909f56bfc062723c751e8b465ee728b)
Start importing Assets/Images/AR_Card.unitypackage using Guid(5a10a0ee326ca00459ef2976c7e6fcca) Importer(815301076,1909f56bfc062723c751e8b465ee728b)  -> (artifact id: '93a91d0d51b44e4a01d4b0c1d1a0f768') in 0.015266 seconds 
========================================================================
Received Import Request.
  Time since last request: 58.915534 seconds.
  path: Assets/Images/BuisnessCard.png
  artifactKey: Guid(92a4f7968316fe44e8ac8c472093a414) Importer(815301076,1909f56bfc062723c751e8b465ee728b)
Start importing Assets/Images/BuisnessCard.png using Guid(92a4f7968316fe44e8ac8c472093a414) Importer(815301076,1909f56bfc062723c751e8b465ee728b)  -> (artifact id: 'e9c51fe695d5b56e732d67684d0de4c9') in 0.051740 seconds 
========================================================================
Received Import Request.
  Time since last request: 132.958471 seconds.
  path: Assets/Resources
  artifactKey: Guid(19d0d75a6ae793f4691658d99d72de70) Importer(815301076,1909f56bfc062723c751e8b465ee728b)
Start importing Assets/Resources using Guid(19d0d75a6ae793f4691658d99d72de70) Importer(815301076,1909f56bfc062723c751e8b465ee728b)  -> (artifact id: 'a295758df5d1fc97e36b03595cb26cbe') in 0.020183 seconds 
========================================================================
Received Import Request.
  Time since last request: 74.728179 seconds.
  path: Assets/Images/BuisnessCard.png
  artifactKey: Guid(92a4f7968316fe44e8ac8c472093a414) Importer(815301076,1909f56bfc062723c751e8b465ee728b)
Start importing Assets/Images/BuisnessCard.png using Guid(92a4f7968316fe44e8ac8c472093a414) Importer(815301076,1909f56bfc062723c751e8b465ee728b)  -> (artifact id: '2f3aef97d8eddc3cf7016aed6e5cbea4') in 0.147823 seconds 
========================================================================
Received Import Request.
  Time since last request: 10.941750 seconds.
  path: Assets/Images/BuisnessCard.png
  artifactKey: Guid(92a4f7968316fe44e8ac8c472093a414) Importer(815301076,1909f56bfc062723c751e8b465ee728b)
Start importing Assets/Images/BuisnessCard.png using Guid(92a4f7968316fe44e8ac8c472093a414) Importer(815301076,1909f56bfc062723c751e8b465ee728b)  -> (artifact id: '448deb30e3d411e1253c0332943545cc') in 0.053073 seconds 
========================================================================
Received Import Request.
  Time since last request: 1228.934749 seconds.
  path: Assets/Images/GitHub.png
  artifactKey: Guid(51598324a99227d4d883361830e58cf6) Importer(815301076,1909f56bfc062723c751e8b465ee728b)
Start importing Assets/Images/GitHub.png using Guid(51598324a99227d4d883361830e58cf6) Importer(815301076,1909f56bfc062723c751e8b465ee728b)  -> (artifact id: '0b19446c3ee1f5264812a4ab1f08ae96') in 0.039890 seconds 
========================================================================
Received Import Request.
  Time since last request: 28.724042 seconds.
  path: Assets/Images/GitHub.png
  artifactKey: Guid(51598324a99227d4d883361830e58cf6) Importer(815301076,1909f56bfc062723c751e8b465ee728b)
Start importing Assets/Images/GitHub.png using Guid(51598324a99227d4d883361830e58cf6) Importer(815301076,1909f56bfc062723c751e8b465ee728b)  -> (artifact id: '06cd4c3567d031875cceb95e40a92db9') in 0.029200 seconds 
========================================================================
Received Import Request.
  Time since last request: 5.942504 seconds.
  path: Assets/Images/gmail.png
  artifactKey: Guid(263cf9c8426cbbb4eacd61d6a08a70da) Importer(815301076,1909f56bfc062723c751e8b465ee728b)
Start importing Assets/Images/gmail.png using Guid(263cf9c8426cbbb4eacd61d6a08a70da) Importer(815301076,1909f56bfc062723c751e8b465ee728b)  -> (artifact id: 'a6c2141b044ee648f6fd1b7d0406afc9') in 0.042404 seconds 
========================================================================
Received Import Request.
  Time since last request: 6.980397 seconds.
  path: Assets/Images/instagram-icon.jpg
  artifactKey: Guid(2d96178c977087543a72e0bbce1257c3) Importer(815301076,1909f56bfc062723c751e8b465ee728b)
Start importing Assets/Images/instagram-icon.jpg using Guid(2d96178c977087543a72e0bbce1257c3) Importer(815301076,1909f56bfc062723c751e8b465ee728b)  -> (artifact id: '783e3632736c080945569a2d4ee753ad') in 0.062686 seconds 
========================================================================
Received Import Request.
  Time since last request: 8.334931 seconds.
  path: Assets/Images/LI-In-Bug.png
  artifactKey: Guid(139d6491ed8317c44b293fd20bef0a69) Importer(815301076,1909f56bfc062723c751e8b465ee728b)
Start importing Assets/Images/LI-In-Bug.png using Guid(139d6491ed8317c44b293fd20bef0a69) Importer(815301076,1909f56bfc062723c751e8b465ee728b)  -> (artifact id: '819538f5bd5fec37f1c5eff41ab9b810') in 0.045025 seconds 
========================================================================
Received Import Request.
  Time since last request: 11.029084 seconds.
  path: Assets/Images/Twitter logo - blue.png
  artifactKey: Guid(8e7eb3ce83674014e9f6183f0c7028fe) Importer(815301076,1909f56bfc062723c751e8b465ee728b)
Start importing Assets/Images/Twitter logo - blue.png using Guid(8e7eb3ce83674014e9f6183f0c7028fe) Importer(815301076,1909f56bfc062723c751e8b465ee728b)  -> (artifact id: 'eab4b337a2712e8e644759a29060712c') in 0.088972 seconds 
========================================================================
Received Import Request.
  Time since last request: 165873.878526 seconds.
  path: Assets/StreamingAssets
  artifactKey: Guid(fee7746c3c256dc40857ffbdcfffde30) Importer(815301076,1909f56bfc062723c751e8b465ee728b)
Start importing Assets/StreamingAssets using Guid(fee7746c3c256dc40857ffbdcfffde30) Importer(815301076,1909f56bfc062723c751e8b465ee728b)  -> (artifact id: '37b3d52d762568c62151d44f41d71a95') in 0.021752 seconds 
========================================================================
Received Import Request.
  Time since last request: 3.184487 seconds.
  path: Assets/StreamingAssets/Vuforia
  artifactKey: Guid(166301d10869f3f48b1eb7317bbb4424) Importer(815301076,1909f56bfc062723c751e8b465ee728b)
Start importing Assets/StreamingAssets/Vuforia using Guid(166301d10869f3f48b1eb7317bbb4424) Importer(815301076,1909f56bfc062723c751e8b465ee728b)  -> (artifact id: '797acb8a7a8d2bba83bdd8918a70fcef') in 0.022254 seconds 
========================================================================
Received Import Request.
  Time since last request: 5.036902 seconds.
  path: Assets
  artifactKey: Guid(00000000000000001000000000000000) Importer(815301076,1909f56bfc062723c751e8b465ee728b)
Start importing Assets using Guid(00000000000000001000000000000000) Importer(815301076,1909f56bfc062723c751e8b465ee728b)  -> (artifact id: '79842766b460edbeab6a34051e857a80') in 0.015930 seconds 
========================================================================
Received Import Request.
  Time since last request: 16.628420 seconds.
  path: Assets/Script
  artifactKey: Guid(9c17dfbdb7082414897c2c25f3862b64) Importer(815301076,1909f56bfc062723c751e8b465ee728b)
Start importing Assets/Script using Guid(9c17dfbdb7082414897c2c25f3862b64) Importer(815301076,1909f56bfc062723c751e8b465ee728b)  -> (artifact id: 'bd0f9a942b1813a8315e0bab5906bad1') in 0.016798 seconds 
========================================================================
Received Import Request.
  Time since last request: 1466.745221 seconds.
  path: Assets/Script/ButtonLinks.cs
  artifactKey: Guid(c3a2787e2c5535b4e9c324fe0396f64e) Importer(815301076,1909f56bfc062723c751e8b465ee728b)
Start importing Assets/Script/ButtonLinks.cs using Guid(c3a2787e2c5535b4e9c324fe0396f64e) Importer(815301076,1909f56bfc062723c751e8b465ee728b)  -> (artifact id: '0d7423f190bc492e39a5a8fa11fda62c') in 0.049537 seconds 
========================================================================
Received Prepare
Registering precompiled user dll's ...
Registered in 0.822148 seconds.
Begin MonoManager ReloadAssembly
Symbol file LoadedFromMemory doesn't match image C:\Users\HLR85\Holberton\holbertonschool-unity\0x00-unity-ar_business_card\Library\PackageCache\com.unity.visualscripting@1.7.2\Editor\VisualScripting.Core\Dependencies\DotNetZip\Unity.VisualScripting.IonicZip.dll
Symbol file LoadedFromMemory doesn't match image C:\Users\HLR85\Holberton\holbertonschool-unity\0x00-unity-ar_business_card\Library\PackageCache\com.unity.visualscripting@1.7.2\Editor\VisualScripting.Core\Dependencies\YamlDotNet\Unity.VisualScripting.YamlDotNet.dll
Native extension for LinuxStandalone target not found
Native extension for WindowsStandalone target not found
Native extension for WebGL target not found
Refreshing native plugins compatible for Editor in 2.59 ms, found 6 plugins.
Preloading 2 native plugins for Editor in 0.46 ms.
Mono: successfully reloaded assembly
- Completed reload, in  3.286 seconds
Domain Reload Profiling:
	ReloadAssembly (3288ms)
		BeginReloadAssembly (549ms)
			ExecutionOrderSort (0ms)
			DisableScriptedObjects (29ms)
			BackupInstance (0ms)
			ReleaseScriptingObjects (0ms)
			CreateAndSetChildDomain (222ms)
		EndReloadAssembly (2536ms)
			LoadAssemblies (273ms)
			RebuildTransferFunctionScriptingTraits (0ms)
			SetupTypeCache (489ms)
			ReleaseScriptCaches (2ms)
			RebuildScriptCaches (109ms)
			SetupLoadedEditorAssemblies (1452ms)
				LogAssemblyErrors (0ms)
				InitializePlatformSupportModulesInManaged (37ms)
				SetLoadedEditorAssemblies (4ms)
				RefreshPlugins (3ms)
				BeforeProcessingInitializeOnLoad (111ms)
				ProcessInitializeOnLoadAttributes (1246ms)
				ProcessInitializeOnLoadMethodAttributes (41ms)
				AfterProcessingInitializeOnLoad (10ms)
				EditorAssembliesLoaded (1ms)
			ExecutionOrderSort2 (0ms)
			AwakeInstancesAfterBackupRestoration (38ms)
Platform modules already initialized, skipping
Refreshing native plugins compatible for Editor in 1.02 ms, found 6 plugins.
Preloading 2 native plugins for Editor in 0.18 ms.
Unloading 3122 Unused Serialized files (Serialized files now loaded: 0)
Unloading 47 unused Assets / (58.8 KB). Loaded Objects now: 4127.
Memory consumption went from 136.3 MB to 136.3 MB.
Total: 7.529200 ms (FindLiveObjects: 0.796000 ms CreateObjectMapping: 0.297000 ms MarkObjects: 6.163600 ms  DeleteObjects: 0.269000 ms)

AssetImportParameters requested are different than current active one (requested -> active):
  custom:video-decoder-ogg-theora: a1e56fd34408186e4bbccfd4996cb3dc -> 
  custom:container-muxer-webm: aa71ff27fc2769a1b78a27578f13a17b -> 
  custom:container-demuxer-webm: 4f35f7cbe854078d1ac9338744f61a02 -> 
  custom:video-encoder-webm-vp8: eb34c28f22e8b96e1ab97ce403110664 -> 
  custom:video-codec-MediaFoundation-h265: 746d11721c4dcdbdad8f713fa42b33f4 -> 
  custom:audio-encoder-webm-vorbis: bf7c407c2cedff20999df2af8eb42d56 -> 
  custom:framework-win-MediaFoundation: 216162199b28c13a410421893ffa2e32 -> 
  custom:container-demuxer-ogg: 62fdf1f143b41e24485cea50d1cbac27 -> 
  custom:video-decoder-webm-vp8: 9c59270c3fd7afecdb556c50c9e8de78 -> 
  custom:audio-decoder-ogg-vorbis: bf7c407c2cedff20999df2af8eb42d56 -> 
========================================================================
Received Prepare
Registering precompiled user dll's ...
Registered in 0.021469 seconds.
Begin MonoManager ReloadAssembly
Symbol file LoadedFromMemory doesn't match image C:\Users\HLR85\Holberton\holbertonschool-unity\0x00-unity-ar_business_card\Library\PackageCache\com.unity.visualscripting@1.7.2\Editor\VisualScripting.Core\Dependencies\DotNetZip\Unity.VisualScripting.IonicZip.dll
Symbol file LoadedFromMemory doesn't match image C:\Users\HLR85\Holberton\holbertonschool-unity\0x00-unity-ar_business_card\Library\PackageCache\com.unity.visualscripting@1.7.2\Editor\VisualScripting.Core\Dependencies\YamlDotNet\Unity.VisualScripting.YamlDotNet.dll
Native extension for LinuxStandalone target not found
Native extension for WindowsStandalone target not found
Native extension for WebGL target not found
Refreshing native plugins compatible for Editor in 4.17 ms, found 6 plugins.
Preloading 2 native plugins for Editor in 0.71 ms.
Mono: successfully reloaded assembly
- Completed reload, in  2.778 seconds
Domain Reload Profiling:
	ReloadAssembly (2779ms)
		BeginReloadAssembly (269ms)
			ExecutionOrderSort (0ms)
			DisableScriptedObjects (18ms)
			BackupInstance (0ms)
			ReleaseScriptingObjects (0ms)
			CreateAndSetChildDomain (82ms)
		EndReloadAssembly (2339ms)
			LoadAssemblies (163ms)
			RebuildTransferFunctionScriptingTraits (0ms)
			SetupTypeCache (459ms)
			ReleaseScriptCaches (2ms)
			RebuildScriptCaches (54ms)
			SetupLoadedEditorAssemblies (1504ms)
				LogAssemblyErrors (0ms)
				InitializePlatformSupportModulesInManaged (77ms)
				SetLoadedEditorAssemblies (1ms)
				RefreshPlugins (5ms)
				BeforeProcessingInitializeOnLoad (172ms)
				ProcessInitializeOnLoadAttributes (1197ms)
				ProcessInitializeOnLoadMethodAttributes (35ms)
				AfterProcessingInitializeOnLoad (16ms)
				EditorAssembliesLoaded (1ms)
			ExecutionOrderSort2 (0ms)
			AwakeInstancesAfterBackupRestoration (25ms)
Platform modules already initialized, skipping
Refreshing native plugins compatible for Editor in 1.29 ms, found 6 plugins.
Preloading 2 native plugins for Editor in 0.18 ms.
Unloading 3113 Unused Serialized files (Serialized files now loaded: 0)
Unloading 46 unused Assets / (35.2 KB). Loaded Objects now: 4129.
Memory consumption went from 135.9 MB to 135.9 MB.
Total: 5.567600 ms (FindLiveObjects: 0.821100 ms CreateObjectMapping: 0.286800 ms MarkObjects: 4.377100 ms  DeleteObjects: 0.075500 ms)

AssetImportParameters requested are different than current active one (requested -> active):
  custom:video-decoder-ogg-theora: a1e56fd34408186e4bbccfd4996cb3dc -> 
  custom:container-muxer-webm: aa71ff27fc2769a1b78a27578f13a17b -> 
  custom:container-demuxer-webm: 4f35f7cbe854078d1ac9338744f61a02 -> 
  custom:video-encoder-webm-vp8: eb34c28f22e8b96e1ab97ce403110664 -> 
  custom:video-codec-MediaFoundation-h265: 746d11721c4dcdbdad8f713fa42b33f4 -> 
  custom:audio-encoder-webm-vorbis: bf7c407c2cedff20999df2af8eb42d56 -> 
  custom:framework-win-MediaFoundation: 216162199b28c13a410421893ffa2e32 -> 
  custom:container-demuxer-ogg: 62fdf1f143b41e24485cea50d1cbac27 -> 
  custom:video-decoder-webm-vp8: 9c59270c3fd7afecdb556c50c9e8de78 -> 
  custom:audio-decoder-ogg-vorbis: bf7c407c2cedff20999df2af8eb42d56 -> 
========================================================================
Received Import Request.
  Time since last request: 1727.515900 seconds.
  path: Assets/Editor/Migration/EditorMigrationScripts.asmdef
  artifactKey: Guid(f3a385ed4c943d742a2e7a85a3d4386d) Importer(815301076,1909f56bfc062723c751e8b465ee728b)
Start importing Assets/Editor/Migration/EditorMigrationScripts.asmdef using Guid(f3a385ed4c943d742a2e7a85a3d4386d) Importer(815301076,1909f56bfc062723c751e8b465ee728b)  -> (artifact id: '26810e3799273876bdc0ed1b504f7357') in 0.040716 seconds 
========================================================================
Received Prepare
Registering precompiled user dll's ...
Registered in 0.023761 seconds.
Begin MonoManager ReloadAssembly
Symbol file LoadedFromMemory doesn't match image C:\Users\HLR85\Holberton\holbertonschool-unity\0x00-unity-ar_business_card\Library\PackageCache\com.unity.visualscripting@1.7.2\Editor\VisualScripting.Core\Dependencies\DotNetZip\Unity.VisualScripting.IonicZip.dll
Symbol file LoadedFromMemory doesn't match image C:\Users\HLR85\Holberton\holbertonschool-unity\0x00-unity-ar_business_card\Library\PackageCache\com.unity.visualscripting@1.7.2\Editor\VisualScripting.Core\Dependencies\YamlDotNet\Unity.VisualScripting.YamlDotNet.dll
Native extension for LinuxStandalone target not found
Native extension for WindowsStandalone target not found
Native extension for WebGL target not found
Refreshing native plugins compatible for Editor in 1.91 ms, found 6 plugins.
Preloading 2 native plugins for Editor in 0.25 ms.
Mono: successfully reloaded assembly
- Completed reload, in  3.747 seconds
Domain Reload Profiling:
	ReloadAssembly (3748ms)
		BeginReloadAssembly (325ms)
			ExecutionOrderSort (0ms)
			DisableScriptedObjects (18ms)
			BackupInstance (0ms)
			ReleaseScriptingObjects (0ms)
			CreateAndSetChildDomain (91ms)
		EndReloadAssembly (3071ms)
			LoadAssemblies (217ms)
			RebuildTransferFunctionScriptingTraits (0ms)
			SetupTypeCache (558ms)
			ReleaseScriptCaches (2ms)
			RebuildScriptCaches (145ms)
			SetupLoadedEditorAssemblies (1893ms)
				LogAssemblyErrors (0ms)
				InitializePlatformSupportModulesInManaged (59ms)
				SetLoadedEditorAssemblies (1ms)
				RefreshPlugins (2ms)
				BeforeProcessingInitializeOnLoad (216ms)
				ProcessInitializeOnLoadAttributes (1528ms)
				ProcessInitializeOnLoadMethodAttributes (63ms)
				AfterProcessingInitializeOnLoad (22ms)
				EditorAssembliesLoaded (0ms)
			ExecutionOrderSort2 (0ms)
			AwakeInstancesAfterBackupRestoration (35ms)
Platform modules already initialized, skipping
Refreshing native plugins compatible for Editor in 2.03 ms, found 6 plugins.
Preloading 2 native plugins for Editor in 0.26 ms.
Unloading 3113 Unused Serialized files (Serialized files now loaded: 0)
Unloading 46 unused Assets / (35.2 KB). Loaded Objects now: 4131.
Memory consumption went from 136.0 MB to 135.9 MB.
Total: 11.019000 ms (FindLiveObjects: 1.476900 ms CreateObjectMapping: 0.560800 ms MarkObjects: 8.918400 ms  DeleteObjects: 0.057000 ms)

AssetImportParameters requested are different than current active one (requested -> active):
  custom:video-decoder-ogg-theora: a1e56fd34408186e4bbccfd4996cb3dc -> 
  custom:container-muxer-webm: aa71ff27fc2769a1b78a27578f13a17b -> 
  custom:container-demuxer-webm: 4f35f7cbe854078d1ac9338744f61a02 -> 
  custom:video-encoder-webm-vp8: eb34c28f22e8b96e1ab97ce403110664 -> 
  custom:video-codec-MediaFoundation-h265: 746d11721c4dcdbdad8f713fa42b33f4 -> 
  custom:audio-encoder-webm-vorbis: bf7c407c2cedff20999df2af8eb42d56 -> 
  custom:framework-win-MediaFoundation: 216162199b28c13a410421893ffa2e32 -> 
  custom:container-demuxer-ogg: 62fdf1f143b41e24485cea50d1cbac27 -> 
  custom:video-decoder-webm-vp8: 9c59270c3fd7afecdb556c50c9e8de78 -> 
  custom:audio-decoder-ogg-vorbis: bf7c407c2cedff20999df2af8eb42d56 -> 
========================================================================
Received Import Request.
  Time since last request: 1118.989387 seconds.
  path: Assets/Fonts
  artifactKey: Guid(aeb59472056aab846bb473109f8cbba5) Importer(815301076,1909f56bfc062723c751e8b465ee728b)
Start importing Assets/Fonts using Guid(aeb59472056aab846bb473109f8cbba5) Importer(815301076,1909f56bfc062723c751e8b465ee728b)  -> (artifact id: '0e3e8f36dc577fcc27223e4f506916ac') in 0.023009 seconds 
========================================================================
Received Import Request.
  Time since last request: 7.242421 seconds.
  path: Assets/Fonts/Josefin_Sans
  artifactKey: Guid(861f83df032892d4d8e931cbc6953e10) Importer(815301076,1909f56bfc062723c751e8b465ee728b)
Start importing Assets/Fonts/Josefin_Sans using Guid(861f83df032892d4d8e931cbc6953e10) Importer(815301076,1909f56bfc062723c751e8b465ee728b)  -> (artifact id: '7658444f70a5428fb44d9a8847bc72df') in 0.012902 seconds 
========================================================================
Received Import Request.
  Time since last request: 0.073267 seconds.
  path: Assets/Fonts/Josefin_Sans/JosefinSans-Italic-VariableFont_wght.ttf
  artifactKey: Guid(3893e802df2de734bb92771e68ec4f87) Importer(815301076,1909f56bfc062723c751e8b465ee728b)
Start importing Assets/Fonts/Josefin_Sans/JosefinSans-Italic-VariableFont_wght.ttf using Guid(3893e802df2de734bb92771e68ec4f87) Importer(815301076,1909f56bfc062723c751e8b465ee728b)  -> (artifact id: '81edc2643211c7e35eefcf1c23af849c') in 0.208814 seconds 
========================================================================
Received Import Request.
  Time since last request: 0.000047 seconds.
  path: Assets/Fonts/Josefin_Sans/JosefinSans-VariableFont_wght.ttf
  artifactKey: Guid(bce5b9e32a56d014eb70ed2e65fd45b0) Importer(815301076,1909f56bfc062723c751e8b465ee728b)
Start importing Assets/Fonts/Josefin_Sans/JosefinSans-VariableFont_wght.ttf using Guid(bce5b9e32a56d014eb70ed2e65fd45b0) Importer(815301076,1909f56bfc062723c751e8b465ee728b)  -> (artifact id: '274b4f8d895607343f839026c26bf9de') in 0.058164 seconds 
========================================================================
Received Import Request.
  Time since last request: 73.409411 seconds.
  path: Assets/Fonts/Josefin_Sans/static/JosefinSans-Bold.ttf
  artifactKey: Guid(202732b8023d9ab45a3ad8e6e1b701df) Importer(815301076,1909f56bfc062723c751e8b465ee728b)
Start importing Assets/Fonts/Josefin_Sans/static/JosefinSans-Bold.ttf using Guid(202732b8023d9ab45a3ad8e6e1b701df) Importer(815301076,1909f56bfc062723c751e8b465ee728b)  -> (artifact id: '99b6b14d186253813ea21767ffdfa940') in 0.083357 seconds 
========================================================================
Received Import Request.
  Time since last request: 0.000067 seconds.
  path: Assets/Fonts/Josefin_Sans/static/JosefinSans-Medium.ttf
  artifactKey: Guid(575ca8a2a11135448b301526ddc35f3e) Importer(815301076,1909f56bfc062723c751e8b465ee728b)
Start importing Assets/Fonts/Josefin_Sans/static/JosefinSans-Medium.ttf using Guid(575ca8a2a11135448b301526ddc35f3e) Importer(815301076,1909f56bfc062723c751e8b465ee728b)  -> (artifact id: '28297ce285a0630ee601ea135d59146a') in 0.065406 seconds 
========================================================================
Received Import Request.
  Time since last request: 0.000046 seconds.
  path: Assets/Fonts/Josefin_Sans/static/JosefinSans-ExtraLight.ttf
  artifactKey: Guid(6ddb5c38ba20bce46ac44ba4bc65bbec) Importer(815301076,1909f56bfc062723c751e8b465ee728b)
Start importing Assets/Fonts/Josefin_Sans/static/JosefinSans-ExtraLight.ttf using Guid(6ddb5c38ba20bce46ac44ba4bc65bbec) Importer(815301076,1909f56bfc062723c751e8b465ee728b)  -> (artifact id: 'ff69dac010022f04c20dbf145afd8f39') in 0.075274 seconds 
========================================================================
Received Import Request.
  Time since last request: 0.000117 seconds.
  path: Assets/Fonts/Josefin_Sans/static/JosefinSans-ThinItalic.ttf
  artifactKey: Guid(30ada1f0d113b0b42b676e007dee71ff) Importer(815301076,1909f56bfc062723c751e8b465ee728b)
Start importing Assets/Fonts/Josefin_Sans/static/JosefinSans-ThinItalic.ttf using Guid(30ada1f0d113b0b42b676e007dee71ff) Importer(815301076,1909f56bfc062723c751e8b465ee728b)  -> (artifact id: '9adb54eb07db1906a713433f7f3a6de7') in 0.050479 seconds 
========================================================================
Received Import Request.
  Time since last request: 0.000042 seconds.
  path: Assets/Fonts/Josefin_Sans/static/JosefinSans-SemiBoldItalic.ttf
  artifactKey: Guid(2f74f28c11cf446458875680e354f898) Importer(815301076,1909f56bfc062723c751e8b465ee728b)
Start importing Assets/Fonts/Josefin_Sans/static/JosefinSans-SemiBoldItalic.ttf using Guid(2f74f28c11cf446458875680e354f898) Importer(815301076,1909f56bfc062723c751e8b465ee728b)  -> (artifact id: 'a34dbd1ee17f89f6af879b8ff500c449') in 0.052406 seconds 
========================================================================
Received Import Request.
  Time since last request: 0.000047 seconds.
  path: Assets/Fonts/Josefin_Sans/static/JosefinSans-LightItalic.ttf
  artifactKey: Guid(fae899b6e9a272d4199c8aace01c8956) Importer(815301076,1909f56bfc062723c751e8b465ee728b)
Start importing Assets/Fonts/Josefin_Sans/static/JosefinSans-LightItalic.ttf using Guid(fae899b6e9a272d4199c8aace01c8956) Importer(815301076,1909f56bfc062723c751e8b465ee728b)  -> (artifact id: 'e0e9695e3489d71790af901676ce0d93') in 0.059430 seconds 
========================================================================
Received Import Request.
  Time since last request: 0.000034 seconds.
  path: Assets/Fonts/Josefin_Sans/static/JosefinSans-Regular.ttf
  artifactKey: Guid(dc8b77c116ea2af438510d677a3e7eb1) Importer(815301076,1909f56bfc062723c751e8b465ee728b)
Start importing Assets/Fonts/Josefin_Sans/static/JosefinSans-Regular.ttf using Guid(dc8b77c116ea2af438510d677a3e7eb1) Importer(815301076,1909f56bfc062723c751e8b465ee728b)  -> (artifact id: 'bd02e0d60cba6326c1276c63903a8bbb') in 0.070156 seconds 
========================================================================
Received Import Request.
  Time since last request: 0.000058 seconds.
  path: Assets/Fonts/Josefin_Sans/static/JosefinSans-MediumItalic.ttf
  artifactKey: Guid(9e923f4818b9f1c49ac7abdde897ebae) Importer(815301076,1909f56bfc062723c751e8b465ee728b)
Start importing Assets/Fonts/Josefin_Sans/static/JosefinSans-MediumItalic.ttf using Guid(9e923f4818b9f1c49ac7abdde897ebae) Importer(815301076,1909f56bfc062723c751e8b465ee728b)  -> (artifact id: '58ed6be63411eba23eb598575fd6d57d') in 0.068766 seconds 
========================================================================
Received Import Request.
  Time since last request: 0.000040 seconds.
  path: Assets/Fonts/Josefin_Sans/static/JosefinSans-SemiBold.ttf
  artifactKey: Guid(7efb5c8198ae91d45bf050615687b825) Importer(815301076,1909f56bfc062723c751e8b465ee728b)
Start importing Assets/Fonts/Josefin_Sans/static/JosefinSans-SemiBold.ttf using Guid(7efb5c8198ae91d45bf050615687b825) Importer(815301076,1909f56bfc062723c751e8b465ee728b)  -> (artifact id: '42c7e77174cc399d77e869e17d4bf85a') in 0.049709 seconds 
========================================================================
Received Import Request.
  Time since last request: 0.000041 seconds.
  path: Assets/Fonts/Josefin_Sans/static/JosefinSans-ExtraLightItalic.ttf
  artifactKey: Guid(7a0a4175919676c4392ac32b136d9f2d) Importer(815301076,1909f56bfc062723c751e8b465ee728b)
Start importing Assets/Fonts/Josefin_Sans/static/JosefinSans-ExtraLightItalic.ttf using Guid(7a0a4175919676c4392ac32b136d9f2d) Importer(815301076,1909f56bfc062723c751e8b465ee728b)  -> (artifact id: '3dc4d15fa33170eb16a96299aebc3269') in 0.044174 seconds 
========================================================================
Received Import Request.
  Time since last request: 0.000037 seconds.
  path: Assets/Fonts/Josefin_Sans/static/JosefinSans-Thin.ttf
  artifactKey: Guid(bfe213a1344dfe3448019580ade7dfcb) Importer(815301076,1909f56bfc062723c751e8b465ee728b)
Start importing Assets/Fonts/Josefin_Sans/static/JosefinSans-Thin.ttf using Guid(bfe213a1344dfe3448019580ade7dfcb) Importer(815301076,1909f56bfc062723c751e8b465ee728b)  -> (artifact id: '89123ca08e3fedf2dcd5ce0570264c92') in 0.041419 seconds 
========================================================================
Received Import Request.
  Time since last request: 0.000042 seconds.
  path: Assets/Fonts/Josefin_Sans/static/JosefinSans-BoldItalic.ttf
  artifactKey: Guid(79e3334c7c3d1e74f8b162005dc19335) Importer(815301076,1909f56bfc062723c751e8b465ee728b)
Start importing Assets/Fonts/Josefin_Sans/static/JosefinSans-BoldItalic.ttf using Guid(79e3334c7c3d1e74f8b162005dc19335) Importer(815301076,1909f56bfc062723c751e8b465ee728b)  -> (artifact id: '9069e775a1b478c891740b85c0d4ebb2') in 0.037280 seconds 
========================================================================
Received Import Request.
  Time since last request: 0.000061 seconds.
  path: Assets/Fonts/Josefin_Sans/static/JosefinSans-Italic.ttf
  artifactKey: Guid(90ffe42f76eb8a1409a903d14ccab2b9) Importer(815301076,1909f56bfc062723c751e8b465ee728b)
Start importing Assets/Fonts/Josefin_Sans/static/JosefinSans-Italic.ttf using Guid(90ffe42f76eb8a1409a903d14ccab2b9) Importer(815301076,1909f56bfc062723c751e8b465ee728b)  -> (artifact id: '6ff635fc9e7b28d80421a93b7404edcf') in 0.051492 seconds 
========================================================================
Received Import Request.
  Time since last request: 0.000147 seconds.
  path: Assets/Fonts/Josefin_Sans/static/JosefinSans-Light.ttf
  artifactKey: Guid(88b369a8271c1524981b53415847c371) Importer(815301076,1909f56bfc062723c751e8b465ee728b)
Start importing Assets/Fonts/Josefin_Sans/static/JosefinSans-Light.ttf using Guid(88b369a8271c1524981b53415847c371) Importer(815301076,1909f56bfc062723c751e8b465ee728b)  -> (artifact id: 'eb72860b2d45708d9ff6424c90767e60') in 0.045838 seconds 
========================================================================
Received Import Request.
  Time since last request: 498.596999 seconds.
  path: Assets/Fonts/Khand/Khand-Bold.ttf
  artifactKey: Guid(0006a0218a2cb3647897ba84dd867b91) Importer(815301076,1909f56bfc062723c751e8b465ee728b)
Start importing Assets/Fonts/Khand/Khand-Bold.ttf using Guid(0006a0218a2cb3647897ba84dd867b91) Importer(815301076,1909f56bfc062723c751e8b465ee728b)  -> (artifact id: '8f5895940ae7b1c781712dc713a7c3f0') in 0.061614 seconds 
========================================================================
Received Import Request.
  Time since last request: 0.000048 seconds.
  path: Assets/Fonts/Khand/Khand-Regular.ttf
  artifactKey: Guid(a0f6625fe0a25c446ab845487ca9d9bd) Importer(815301076,1909f56bfc062723c751e8b465ee728b)
Start importing Assets/Fonts/Khand/Khand-Regular.ttf using Guid(a0f6625fe0a25c446ab845487ca9d9bd) Importer(815301076,1909f56bfc062723c751e8b465ee728b)  -> (artifact id: 'fc26a7a3dcb21625507b7af8338e02c6') in 0.065504 seconds 
========================================================================
Received Import Request.
  Time since last request: 0.000093 seconds.
  path: Assets/Fonts/Khand/Khand-SemiBold.ttf
  artifactKey: Guid(9c3e67246da514c4fbda3dc73332667f) Importer(815301076,1909f56bfc062723c751e8b465ee728b)
Start importing Assets/Fonts/Khand/Khand-SemiBold.ttf using Guid(9c3e67246da514c4fbda3dc73332667f) Importer(815301076,1909f56bfc062723c751e8b465ee728b)  -> (artifact id: '774ed31545085023936331576706a8b0') in 0.040972 seconds 
========================================================================
Received Import Request.
  Time since last request: 0.000026 seconds.
  path: Assets/Fonts/Khand/Khand-Light.ttf
  artifactKey: Guid(374d4957be9451e47a42d236fd65b06a) Importer(815301076,1909f56bfc062723c751e8b465ee728b)
Start importing Assets/Fonts/Khand/Khand-Light.ttf using Guid(374d4957be9451e47a42d236fd65b06a) Importer(815301076,1909f56bfc062723c751e8b465ee728b)  -> (artifact id: '160e7545b5a37caa496706d9ba6f937c') in 0.044818 seconds 
========================================================================
Received Import Request.
  Time since last request: 0.000059 seconds.
  path: Assets/Fonts/Khand/Khand-Medium.ttf
  artifactKey: Guid(8bbc21f39cc16b04fb6e1869b6616922) Importer(815301076,1909f56bfc062723c751e8b465ee728b)
Start importing Assets/Fonts/Khand/Khand-Medium.ttf using Guid(8bbc21f39cc16b04fb6e1869b6616922) Importer(815301076,1909f56bfc062723c751e8b465ee728b)  -> (artifact id: 'dee7b764cc84b7bc7876540dbbe296d5') in 0.058012 seconds 
========================================================================
Received Prepare
Registering precompiled user dll's ...
Registered in 0.021603 seconds.
Begin MonoManager ReloadAssembly
Symbol file LoadedFromMemory doesn't match image C:\Users\HLR85\Holberton\holbertonschool-unity\0x00-unity-ar_business_card\Library\PackageCache\com.unity.visualscripting@1.7.2\Editor\VisualScripting.Core\Dependencies\DotNetZip\Unity.VisualScripting.IonicZip.dll
Symbol file LoadedFromMemory doesn't match image C:\Users\HLR85\Holberton\holbertonschool-unity\0x00-unity-ar_business_card\Library\PackageCache\com.unity.visualscripting@1.7.2\Editor\VisualScripting.Core\Dependencies\YamlDotNet\Unity.VisualScripting.YamlDotNet.dll
Native extension for LinuxStandalone target not found
Native extension for WindowsStandalone target not found
Native extension for WebGL target not found
Refreshing native plugins compatible for Editor in 3.17 ms, found 6 plugins.
Preloading 2 native plugins for Editor in 2.54 ms.
Mono: successfully reloaded assembly
- Completed reload, in  3.390 seconds
Domain Reload Profiling:
	ReloadAssembly (3393ms)
		BeginReloadAssembly (398ms)
			ExecutionOrderSort (0ms)
			DisableScriptedObjects (18ms)
			BackupInstance (0ms)
			ReleaseScriptingObjects (0ms)
			CreateAndSetChildDomain (155ms)
		EndReloadAssembly (2800ms)
			LoadAssemblies (175ms)
			RebuildTransferFunctionScriptingTraits (0ms)
			SetupTypeCache (492ms)
			ReleaseScriptCaches (4ms)
			RebuildScriptCaches (100ms)
			SetupLoadedEditorAssemblies (1780ms)
				LogAssemblyErrors (0ms)
				InitializePlatformSupportModulesInManaged (38ms)
				SetLoadedEditorAssemblies (2ms)
				RefreshPlugins (6ms)
				BeforeProcessingInitializeOnLoad (119ms)
				ProcessInitializeOnLoadAttributes (1523ms)
				ProcessInitializeOnLoadMethodAttributes (80ms)
				AfterProcessingInitializeOnLoad (12ms)
				EditorAssembliesLoaded (0ms)
			ExecutionOrderSort2 (0ms)
			AwakeInstancesAfterBackupRestoration (49ms)
Platform modules already initialized, skipping
Refreshing native plugins compatible for Editor in 2.04 ms, found 6 plugins.
Preloading 2 native plugins for Editor in 0.76 ms.
Unloading 3134 Unused Serialized files (Serialized files now loaded: 0)
Unloading 46 unused Assets / (35.3 KB). Loaded Objects now: 4488.
Memory consumption went from 145.4 MB to 145.3 MB.
Total: 7.692100 ms (FindLiveObjects: 1.128700 ms CreateObjectMapping: 0.607400 ms MarkObjects: 5.856000 ms  DeleteObjects: 0.096800 ms)

AssetImportParameters requested are different than current active one (requested -> active):
  custom:video-decoder-ogg-theora: a1e56fd34408186e4bbccfd4996cb3dc -> 
  custom:container-muxer-webm: aa71ff27fc2769a1b78a27578f13a17b -> 
  custom:container-demuxer-webm: 4f35f7cbe854078d1ac9338744f61a02 -> 
  custom:video-encoder-webm-vp8: eb34c28f22e8b96e1ab97ce403110664 -> 
  custom:video-codec-MediaFoundation-h265: 746d11721c4dcdbdad8f713fa42b33f4 -> 
  custom:audio-encoder-webm-vorbis: bf7c407c2cedff20999df2af8eb42d56 -> 
  custom:framework-win-MediaFoundation: 216162199b28c13a410421893ffa2e32 -> 
  custom:container-demuxer-ogg: 62fdf1f143b41e24485cea50d1cbac27 -> 
  custom:video-decoder-webm-vp8: 9c59270c3fd7afecdb556c50c9e8de78 -> 
  custom:audio-decoder-ogg-vorbis: bf7c407c2cedff20999df2af8eb42d56 -> 
========================================================================
Received Prepare
Registering precompiled user dll's ...
Registered in 0.017762 seconds.
Begin MonoManager ReloadAssembly
Symbol file LoadedFromMemory doesn't match image C:\Users\HLR85\Holberton\holbertonschool-unity\0x00-unity-ar_business_card\Library\PackageCache\com.unity.visualscripting@1.7.2\Editor\VisualScripting.Core\Dependencies\DotNetZip\Unity.VisualScripting.IonicZip.dll
Symbol file LoadedFromMemory doesn't match image C:\Users\HLR85\Holberton\holbertonschool-unity\0x00-unity-ar_business_card\Library\PackageCache\com.unity.visualscripting@1.7.2\Editor\VisualScripting.Core\Dependencies\YamlDotNet\Unity.VisualScripting.YamlDotNet.dll
Native extension for LinuxStandalone target not found
Native extension for WindowsStandalone target not found
Native extension for WebGL target not found
Refreshing native plugins compatible for Editor in 2.43 ms, found 6 plugins.
Preloading 2 native plugins for Editor in 0.36 ms.
Mono: successfully reloaded assembly
- Completed reload, in  3.130 seconds
Domain Reload Profiling:
	ReloadAssembly (3131ms)
		BeginReloadAssembly (239ms)
			ExecutionOrderSort (0ms)
			DisableScriptedObjects (19ms)
			BackupInstance (0ms)
			ReleaseScriptingObjects (0ms)
			CreateAndSetChildDomain (61ms)
		EndReloadAssembly (2664ms)
			LoadAssemblies (143ms)
			RebuildTransferFunctionScriptingTraits (0ms)
			SetupTypeCache (507ms)
			ReleaseScriptCaches (3ms)
			RebuildScriptCaches (94ms)
			SetupLoadedEditorAssemblies (1674ms)
				LogAssemblyErrors (0ms)
				InitializePlatformSupportModulesInManaged (80ms)
				SetLoadedEditorAssemblies (1ms)
				RefreshPlugins (3ms)
				BeforeProcessingInitializeOnLoad (174ms)
				ProcessInitializeOnLoadAttributes (1358ms)
				ProcessInitializeOnLoadMethodAttributes (44ms)
				AfterProcessingInitializeOnLoad (13ms)
				EditorAssembliesLoaded (0ms)
			ExecutionOrderSort2 (0ms)
			AwakeInstancesAfterBackupRestoration (44ms)
Platform modules already initialized, skipping
Refreshing native plugins compatible for Editor in 3.34 ms, found 6 plugins.
Preloading 2 native plugins for Editor in 0.38 ms.
Unloading 3113 Unused Serialized files (Serialized files now loaded: 0)
Unloading 46 unused Assets / (35.3 KB). Loaded Objects now: 4490.
Memory consumption went from 144.7 MB to 144.6 MB.
Total: 5.272400 ms (FindLiveObjects: 0.540300 ms CreateObjectMapping: 0.180000 ms MarkObjects: 4.392900 ms  DeleteObjects: 0.155500 ms)

AssetImportParameters requested are different than current active one (requested -> active):
  custom:video-decoder-ogg-theora: a1e56fd34408186e4bbccfd4996cb3dc -> 
  custom:container-muxer-webm: aa71ff27fc2769a1b78a27578f13a17b -> 
  custom:container-demuxer-webm: 4f35f7cbe854078d1ac9338744f61a02 -> 
  custom:video-encoder-webm-vp8: eb34c28f22e8b96e1ab97ce403110664 -> 
  custom:video-codec-MediaFoundation-h265: 746d11721c4dcdbdad8f713fa42b33f4 -> 
  custom:audio-encoder-webm-vorbis: bf7c407c2cedff20999df2af8eb42d56 -> 
  custom:framework-win-MediaFoundation: 216162199b28c13a410421893ffa2e32 -> 
  custom:container-demuxer-ogg: 62fdf1f143b41e24485cea50d1cbac27 -> 
  custom:video-decoder-webm-vp8: 9c59270c3fd7afecdb556c50c9e8de78 -> 
  custom:audio-decoder-ogg-vorbis: bf7c407c2cedff20999df2af8eb42d56 -> 
========================================================================
Received Prepare
Registering precompiled user dll's ...
Registered in 0.025441 seconds.
Begin MonoManager ReloadAssembly
Symbol file LoadedFromMemory doesn't match image C:\Users\HLR85\Holberton\holbertonschool-unity\0x00-unity-ar_business_card\Library\PackageCache\com.unity.visualscripting@1.7.2\Editor\VisualScripting.Core\Dependencies\DotNetZip\Unity.VisualScripting.IonicZip.dll
Symbol file LoadedFromMemory doesn't match image C:\Users\HLR85\Holberton\holbertonschool-unity\0x00-unity-ar_business_card\Library\PackageCache\com.unity.visualscripting@1.7.2\Editor\VisualScripting.Core\Dependencies\YamlDotNet\Unity.VisualScripting.YamlDotNet.dll
Native extension for LinuxStandalone target not found
Native extension for WindowsStandalone target not found
Native extension for WebGL target not found
Refreshing native plugins compatible for Editor in 3.00 ms, found 6 plugins.
Preloading 2 native plugins for Editor in 2.00 ms.
Mono: successfully reloaded assembly
- Completed reload, in  3.435 seconds
Domain Reload Profiling:
	ReloadAssembly (3453ms)
		BeginReloadAssembly (240ms)
			ExecutionOrderSort (0ms)
			DisableScriptedObjects (14ms)
			BackupInstance (0ms)
			ReleaseScriptingObjects (0ms)
			CreateAndSetChildDomain (64ms)
		EndReloadAssembly (2978ms)
			LoadAssemblies (174ms)
			RebuildTransferFunctionScriptingTraits (0ms)
			SetupTypeCache (544ms)
			ReleaseScriptCaches (2ms)
			RebuildScriptCaches (160ms)
			SetupLoadedEditorAssemblies (1744ms)
				LogAssemblyErrors (0ms)
				InitializePlatformSupportModulesInManaged (42ms)
				SetLoadedEditorAssemblies (1ms)
				RefreshPlugins (6ms)
				BeforeProcessingInitializeOnLoad (134ms)
				ProcessInitializeOnLoadAttributes (1506ms)
				ProcessInitializeOnLoadMethodAttributes (37ms)
				AfterProcessingInitializeOnLoad (17ms)
				EditorAssembliesLoaded (1ms)
			ExecutionOrderSort2 (0ms)
			AwakeInstancesAfterBackupRestoration (63ms)
Platform modules already initialized, skipping
Refreshing native plugins compatible for Editor in 1.83 ms, found 6 plugins.
Preloading 2 native plugins for Editor in 0.23 ms.
Unloading 3113 Unused Serialized files (Serialized files now loaded: 0)
Unloading 46 unused Assets / (35.3 KB). Loaded Objects now: 4492.
Memory consumption went from 144.7 MB to 144.6 MB.
Total: 9.601500 ms (FindLiveObjects: 1.843500 ms CreateObjectMapping: 1.121700 ms MarkObjects: 6.545800 ms  DeleteObjects: 0.085800 ms)

AssetImportParameters requested are different than current active one (requested -> active):
  custom:video-decoder-ogg-theora: a1e56fd34408186e4bbccfd4996cb3dc -> 
  custom:container-muxer-webm: aa71ff27fc2769a1b78a27578f13a17b -> 
  custom:container-demuxer-webm: 4f35f7cbe854078d1ac9338744f61a02 -> 
  custom:video-encoder-webm-vp8: eb34c28f22e8b96e1ab97ce403110664 -> 
  custom:video-codec-MediaFoundation-h265: 746d11721c4dcdbdad8f713fa42b33f4 -> 
  custom:audio-encoder-webm-vorbis: bf7c407c2cedff20999df2af8eb42d56 -> 
  custom:framework-win-MediaFoundation: 216162199b28c13a410421893ffa2e32 -> 
  custom:container-demuxer-ogg: 62fdf1f143b41e24485cea50d1cbac27 -> 
  custom:video-decoder-webm-vp8: 9c59270c3fd7afecdb556c50c9e8de78 -> 
  custom:audio-decoder-ogg-vorbis: bf7c407c2cedff20999df2af8eb42d56 -> 
========================================================================
Received Prepare
Couldn't register non-exiting asset root folder: 'Assets'
Assertion failed on expression: 'success'
Trying to reload asset but can't find object on disk
Trying to reload asset but can't find object on disk
Trying to reload asset but can't find object on disk
Trying to reload asset but can't find object on disk
Trying to reload asset but can't find object on disk
Trying to reload asset but can't find object on disk
Trying to reload asset but can't find object on disk
Trying to reload asset but can't find object on disk
Trying to reload asset but can't find object on disk
Trying to reload asset but can't find object on disk
Trying to reload asset but can't find object on disk
Trying to reload asset but can't find object on disk
Trying to reload asset but can't find object on disk
Trying to reload asset but can't find object on disk
Trying to reload asset but can't find object on disk
Trying to reload asset but can't find object on disk
Trying to reload asset but can't find object on disk
Trying to reload asset but can't find object on disk
Trying to reload asset but can't find object on disk
Registering precompiled user dll's ...
Registered in 0.146606 seconds.
Begin MonoManager ReloadAssembly
Symbol file LoadedFromMemory doesn't match image C:\Users\HLR85\Holberton\holbertonschool-unity\0x00-unity-ar_business_card\Library\PackageCache\com.unity.visualscripting@1.7.2\Editor\VisualScripting.Core\Dependencies\DotNetZip\Unity.VisualScripting.IonicZip.dll
Symbol file LoadedFromMemory doesn't match image C:\Users\HLR85\Holberton\holbertonschool-unity\0x00-unity-ar_business_card\Library\PackageCache\com.unity.visualscripting@1.7.2\Editor\VisualScripting.Core\Dependencies\YamlDotNet\Unity.VisualScripting.YamlDotNet.dll
Native extension for LinuxStandalone target not found
Native extension for WindowsStandalone target not found
Native extension for WebGL target not found
Refreshing native plugins compatible for Editor in 0.89 ms, found 3 plugins.
Preloading 0 native plugins for Editor in 0.00 ms.
Mono: successfully reloaded assembly
- Completed reload, in  1.589 seconds
Domain Reload Profiling:
	ReloadAssembly (1591ms)
		BeginReloadAssembly (471ms)
			ExecutionOrderSort (0ms)
			DisableScriptedObjects (95ms)
			BackupInstance (0ms)
			ReleaseScriptingObjects (1ms)
			CreateAndSetChildDomain (174ms)
		EndReloadAssembly (981ms)
			LoadAssemblies (167ms)
			RebuildTransferFunctionScriptingTraits (0ms)
			SetupTypeCache (324ms)
			ReleaseScriptCaches (1ms)
			RebuildScriptCaches (45ms)
			SetupLoadedEditorAssemblies (361ms)
				LogAssemblyErrors (0ms)
				InitializePlatformSupportModulesInManaged (20ms)
				SetLoadedEditorAssemblies (1ms)
				RefreshPlugins (1ms)
				BeforeProcessingInitializeOnLoad (63ms)
				ProcessInitializeOnLoadAttributes (244ms)
				ProcessInitializeOnLoadMethodAttributes (24ms)
				AfterProcessingInitializeOnLoad (9ms)
				EditorAssembliesLoaded (0ms)
			ExecutionOrderSort2 (0ms)
			AwakeInstancesAfterBackupRestoration (45ms)
Platform modules already initialized, skipping
